#
# A fatal error has been detected by the Java Runtime Environment:
#
#  SIGBUS (0x7) at pc=0x00007f2ba5a7327e, pid=109, tid=121
#
# JRE version: OpenJDK Runtime Environment Zulu16.28+11-CA (16.0+36) (build 16+36)
# Java VM: OpenJDK 64-Bit Server VM Zulu16.28+11-CA (16+36, mixed mode, sharing, tiered, compressed oops, serial gc, linux-amd64)
# Problematic frame:
# V  [libjvm.so+0xc9e27e]
#
# Core dump will be written. Default location: Core dumps may be processed with "/usr/share/apport/apport -p%p -s%s -c%c -d%d -P%P -u%u -g%g -- %E" (or dumping to /home/runner/LavaLink-with-Replit/core.109)
#
# If you would like to submit a bug report, please visit:
#   http://www.azulsystems.com/support/
#

---------------  S U M M A R Y ------------

Command Line: Lavalink.jar

Host: AMD EPYC 7B12, 8 cores, 1G, Ubuntu 18.04.5 LTS
Time: Thu Dec  7 18:09:52 2023 UTC elapsed time: 40053.559210 seconds (0d 11h 7m 33s)

---------------  T H R E A D  ---------------

Current thread (0x00007f2ba00f0660):  WatcherThread [stack: 0x00007f2b8681a000,0x00007f2b8691a000] [id=121]

Stack: [0x00007f2b8681a000,0x00007f2b8691a000],  sp=0x00007f2b86918d50,  free space=1019k
Native frames: (J=compiled Java code, A=aot compiled Java code, j=interpreted, Vv=VM code, C=native code)
V  [libjvm.so+0xc9e27e]
V  [libjvm.so+0xe246ed]
V  [libjvm.so+0xea635c]
V  [libjvm.so+0xee707d]
V  [libjvm.so+0xeec4df]
V  [libjvm.so+0xc58a77]


siginfo: si_signo: 7 (SIGBUS), si_code: 2 (BUS_ADRERR), si_addr: 0x00007f2ba72377a8

Register to memory mapping:

RAX=0x00000000000dbb30 is an unknown value
RBX=0x00007f2ba72377a8 points into unknown readable memory: 0x00000000000dbb30 | 30 bb 0d 00 00 00 00 00
RCX=0x0000000000000002 is an unknown value
RDX=0x00007f2ba52fc950: <offset 0x0000000000527950> in /home/runner/.jabba/jdk/zulu@1.16.0/lib/server/libjvm.so at 0x00007f2ba4dd5000
RSP=0x00007f2b86918d50 points into unknown readable memory: 0x00007f2ba7224a80 | 80 4a 22 a7 2b 7f 00 00
RBP=0x00007f2b86918d60 points into unknown readable memory: 0x00007f2b86918d90 | 90 8d 91 86 2b 7f 00 00
RSI=0x0 is NULL
RDI=0x00007f2ba003b6b0 points into unknown readable memory: 0x00007f2ba62ab7e0 | e0 b7 2a a6 2b 7f 00 00
R8 =0x00007f2ba001fa88 points into unknown readable memory: 0x0000000000000001 | 01 00 00 00 00 00 00 00
R9 =0x0000000000000032 is an unknown value
R10=0x0 is NULL
R11=0x0000000000000206 is an unknown value
R12=0x0000000000000008 is an unknown value
R13=0x00007f2ba00f0580 points into unknown readable memory: 0x00007f2ba00f05a0 | a0 05 0f a0 2b 7f 00 00
R14=0x0000000000000002 is an unknown value
R15=0x0000000000000001 is an unknown value


Registers:
RAX=0x00000000000dbb30, RBX=0x00007f2ba72377a8, RCX=0x0000000000000002, RDX=0x00007f2ba52fc950
RSP=0x00007f2b86918d50, RBP=0x00007f2b86918d60, RSI=0x0000000000000000, RDI=0x00007f2ba003b6b0
R8 =0x00007f2ba001fa88, R9 =0x0000000000000032, R10=0x0000000000000000, R11=0x0000000000000206
R12=0x0000000000000008, R13=0x00007f2ba00f0580, R14=0x0000000000000002, R15=0x0000000000000001
RIP=0x00007f2ba5a7327e, EFLAGS=0x0000000000010206, CSGSFS=0x002b000000000033, ERR=0x0000000000000007
  TRAPNO=0x000000000000000e

Top of Stack: (sp=0x00007f2b86918d50)
0x00007f2b86918d50:   00007f2ba7224a80 0000000000000001
0x00007f2b86918d60:   00007f2b86918d90 00007f2ba5bf96ed
0x00007f2b86918d70:   00007f2b86918d90 0000000000000032
0x00007f2b86918d80:   00007f2ba63ba5e0 0000000000000001 

Instructions: (pc=0x00007f2ba5a7327e)
0x00007f2ba5a7317e:   10 49 8b 54 24 08 48 89 42 10 49 8b 44 24 08 49
0x00007f2ba5a7318e:   8b 54 24 18 48 89 50 18 49 8b 44 24 08 49 8b 54
0x00007f2ba5a7319e:   24 20 48 89 50 20 c7 83 80 03 00 00 07 00 00 00
0x00007f2ba5a731ae:   f0 83 04 24 00 48 8b 83 18 01 00 00 a8 01 74 08
0x00007f2ba5a731be:   48 89 df e8 7a 6c 07 00 c7 83 80 03 00 00 04 00
0x00007f2ba5a731ce:   00 00 5b 41 5c 41 5d 41 5e 5d c3 0f 1f 80 00 00
0x00007f2ba5a731de:   00 00 8b 83 e8 00 00 00 a8 04 0f 85 c9 fe ff ff
0x00007f2ba5a731ee:   8b 83 e8 00 00 00 a8 08 0f 85 bb fe ff ff e9 c0
0x00007f2ba5a731fe:   fe ff ff 0f 1f 80 00 00 00 00 48 89 df e8 30 6c
0x00007f2ba5a7320e:   07 00 e9 7d fe ff ff 0f 1f 00 48 89 df ff d0 84
0x00007f2ba5a7321e:   c0 0f 85 0e ff ff ff 48 8d 05 70 c6 93 00 8b 00
0x00007f2ba5a7322e:   85 c0 0f 95 c0 e9 05 ff ff ff 0f 1f 84 00 00 00
0x00007f2ba5a7323e:   00 00 48 89 df ff d0 84 c0 0f 85 eb fd ff ff 48
0x00007f2ba5a7324e:   8d 05 48 c6 93 00 8b 00 85 c0 0f 95 c0 e9 e2 fd
0x00007f2ba5a7325e:   ff ff 48 89 f8 48 8b 7f 38 48 85 ff 74 24 55 48
0x00007f2ba5a7326e:   89 e5 53 48 83 ec 08 48 8b 58 28 48 8b 07 ff 10
0x00007f2ba5a7327e:   48 89 03 48 83 c4 08 5b 5d c3 0f 1f 84 00 00 00
0x00007f2ba5a7328e:   00 00 f3 c3 0f 1f 40 00 66 2e 0f 1f 84 00 00 00
0x00007f2ba5a7329e:   00 00 55 48 8b 4f 28 48 89 f0 48 63 f2 48 8d 15
0x00007f2ba5a732ae:   f6 2e 3f 00 48 89 c7 48 89 e5 31 c0 5d 48 8b 09
0x00007f2ba5a732be:   e9 ad 74 5a ff 90 66 90 66 2e 0f 1f 84 00 00 00
0x00007f2ba5a732ce:   00 00 55 48 8b 4f 28 48 89 f0 48 63 f2 48 8d 15
0x00007f2ba5a732de:   b9 4c 3a 00 48 89 c7 48 89 e5 31 c0 5d e9 80 74
0x00007f2ba5a732ee:   5a ff 55 48 8d 05 68 0a 8d 00 48 89 e5 41 57 41
0x00007f2ba5a732fe:   56 41 55 41 54 49 89 d5 53 48 63 d6 48 89 fb 41
0x00007f2ba5a7330e:   89 f4 48 83 ec 08 48 89 07 48 8d 05 62 ea 8e 00
0x00007f2ba5a7331e:   44 89 47 10 89 4f 14 48 c7 47 08 00 00 00 00 c6
0x00007f2ba5a7332e:   47 18 00 48 c7 47 28 00 00 00 00 4c 8b 34 d0 4c
0x00007f2ba5a7333e:   89 ef e8 0b 78 5a ff 49 89 c7 4c 89 f7 e8 00 78
0x00007f2ba5a7334e:   5a ff 49 8d 7c 07 02 31 d2 be 08 00 00 00 e8 2f
0x00007f2ba5a7335e:   83 72 ff 41 83 fc 18 48 89 43 08 74 55 48 8d 35
0x00007f2ba5a7336e:   56 eb 3c 00 4c 89 f2 48 89 c7 4c 89 e9 31 c0 e8 


Stack slot to memory mapping:
stack at sp + 0 slots: 0x00007f2ba7224a80 is pointing into the stack for thread: 0x00007f2ba00232f0
stack at sp + 1 slots: 0x0000000000000001 is an unknown value
stack at sp + 2 slots: 0x00007f2b86918d90 points into unknown readable memory: 0x00007f2b86918de0 | e0 8d 91 86 2b 7f 00 00
stack at sp + 3 slots: 0x00007f2ba5bf96ed: <offset 0x0000000000e246ed> in /home/runner/.jabba/jdk/zulu@1.16.0/lib/server/libjvm.so at 0x00007f2ba4dd5000
stack at sp + 4 slots: 0x00007f2b86918d90 points into unknown readable memory: 0x00007f2b86918de0 | e0 8d 91 86 2b 7f 00 00
stack at sp + 5 slots: 0x0000000000000032 is an unknown value
stack at sp + 6 slots: 0x00007f2ba63ba5e0: <offset 0x00000000015e55e0> in /home/runner/.jabba/jdk/zulu@1.16.0/lib/server/libjvm.so at 0x00007f2ba4dd5000
stack at sp + 7 slots: 0x0000000000000001 is an unknown value


---------------  P R O C E S S  ---------------

Threads class SMR info:
_java_thread_list=0x00007f2b44000b20, length=18, elements={
0x00007f2ba00655d0, 0x00007f2ba0066b80, 0x00007f2ba006c6c0, 0x00007f2ba006dbe0,
0x00007f2ba006f0d0, 0x00007f2ba0070b80, 0x00007f2ba00721b0, 0x00007f2ba0073720,
0x00007f2ba00eec50, 0x00007f2ba00f2440, 0x00007f2ba1047460, 0x00007f2ba09d56a0,
0x00007f2ba0077b30, 0x00007f2ba0f965e0, 0x00007f2ba064ca80, 0x00007f2ba1091ee0,
0x00007f2ba00232f0, 0x00007f2b380a1110
}

Java Threads: ( => current thread )
  0x00007f2ba00655d0 JavaThread "Reference Handler" daemon [_thread_blocked, id=112, stack(0x00007f2b87c37000,0x00007f2b87d38000)]
  0x00007f2ba0066b80 JavaThread "Finalizer" daemon [_thread_blocked, id=113, stack(0x00007f2b872ff000,0x00007f2b87400000)]
  0x00007f2ba006c6c0 JavaThread "Signal Dispatcher" daemon [_thread_blocked, id=114, stack(0x00007f2b86f20000,0x00007f2b87021000)]
  0x00007f2ba006dbe0 JavaThread "Service Thread" daemon [_thread_blocked, id=115, stack(0x00007f2b86e1f000,0x00007f2b86f20000)]
  0x00007f2ba006f0d0 JavaThread "Monitor Deflation Thread" daemon [_thread_blocked, id=116, stack(0x00007f2b86d1e000,0x00007f2b86e1f000)]
  0x00007f2ba0070b80 JavaThread "C2 CompilerThread0" daemon [_thread_blocked, id=117, stack(0x00007f2b86c1d000,0x00007f2b86d1e000)]
  0x00007f2ba00721b0 JavaThread "C1 CompilerThread0" daemon [_thread_blocked, id=118, stack(0x00007f2b86b1c000,0x00007f2b86c1d000)]
  0x00007f2ba0073720 JavaThread "Sweeper thread" daemon [_thread_blocked, id=119, stack(0x00007f2b86a1b000,0x00007f2b86b1c000)]
  0x00007f2ba00eec50 JavaThread "Notification Thread" daemon [_thread_blocked, id=120, stack(0x00007f2b8691a000,0x00007f2b86a1b000)]
  0x00007f2ba00f2440 JavaThread "Common-Cleaner" daemon [_thread_blocked, id=122, stack(0x00007f2b86717000,0x00007f2b86818000)]
  0x00007f2ba1047460 JavaThread "lava-daemon-pool-manager-3-thread-1" daemon [_thread_blocked, id=123, stack(0x00007f2b850f9000,0x00007f2b851fa000)]
  0x00007f2ba09d56a0 JavaThread "SentryHostnameCache-0" daemon [_thread_blocked, id=124, stack(0x00007f2b4feff000,0x00007f2b50000000)]
  0x00007f2ba0077b30 JavaThread "QueueManagerPool-0" daemon [_thread_in_native, id=125, stack(0x00007f2b4fdfe000,0x00007f2b4feff000)]
  0x00007f2ba0f965e0 JavaThread "XNIO-1 I/O-1" [_thread_in_native, id=128, stack(0x00007f2b4fcfd000,0x00007f2b4fdfe000)]
  0x00007f2ba064ca80 JavaThread "XNIO-1 I/O-2" [_thread_in_native, id=129, stack(0x00007f2b4f2ff000,0x00007f2b4f400000)]
  0x00007f2ba1091ee0 JavaThread "XNIO-1 Accept" [_thread_in_native, id=130, stack(0x00007f2b4e95e000,0x00007f2b4ea5f000)]
  0x00007f2ba00232f0 JavaThread "DestroyJavaVM" [_thread_blocked, id=110, stack(0x00007f2ba7125000,0x00007f2ba7226000)]
  0x00007f2b380a1110 JavaThread "XNIO-1 task-1" [_thread_blocked, id=132, stack(0x00007f2b4e65a000,0x00007f2b4e75b000)]

Other Threads:
  0x00007f2ba0061810 VMThread "VM Thread" [stack: 0x00007f2b87d3a000,0x00007f2b87e3a000] [id=111]
=>0x00007f2ba00f0660 WatcherThread [stack: 0x00007f2b8681a000,0x00007f2b8691a000] [id=121]

Threads with active compile tasks:

VM state: not at safepoint (normal execution)

VM Mutex/Monitor currently owned by a thread:  ([mutex/lock_event])
[0x00007f2ba001fa80] PeriodicTask_lock - owner thread: 0x00007f2ba00f0660

Heap address: 0x00000000f0000000, size: 256 MB, Compressed Oops mode: 32-bit
CDS archive(s) mapped at: [0x0000000800000000-0x0000000800bfa000-0x0000000800bfa000), size 12558336, SharedBaseAddress: 0x0000000800000000, ArchiveRelocationMode: 0.
Compressed class space mapped at: 0x0000000800c00000-0x0000000840c00000, reserved size: 1073741824
Narrow klass base: 0x0000000800000000, Narrow klass shift: 3, Narrow klass range: 0x100000000

GC Precious Log:
 CPUs: 8 total, 1 available
 Memory: 1024M
 Large Page Support: Disabled
 NUMA Support: Disabled
 Compressed Oops: Enabled (32-bit)
 Heap Min Capacity: 8M
 Heap Initial Capacity: 16M
 Heap Max Capacity: 256M
 Pre-touch: Disabled

Heap:
 def new generation   total 10368K, used 1418K [0x00000000f0000000, 0x00000000f0b30000, 0x00000000f5550000)
  eden space 9280K,   9% used [0x00000000f0000000, 0x00000000f00dbb30, 0x00000000f0910000)
  from space 1088K,  49% used [0x00000000f0a20000, 0x00000000f0aa7070, 0x00000000f0b30000)
  to   space 1088K,   0% used [0x00000000f0910000, 0x00000000f0910000, 0x00000000f0a20000)
 tenured generation   total 22900K, used 17261K [0x00000000f5550000, 0x00000000f6bad000, 0x0000000100000000)
   the space 22900K,  75% used [0x00000000f5550000, 0x00000000f662b700, 0x00000000f662b800, 0x00000000f6bad000)
 Metaspace       used 45675K, committed 46016K, reserved 1089536K
  class space    used 5425K, committed 5568K, reserved 1048576K

Card table byte_map: [0x00007f2ba70a4000,0x00007f2ba7125000] _byte_map_base: 0x00007f2ba6924000

Polling page: 0x00007f2ba723e000

Metaspace:

Usage:
  Non-class:     39.31 MB used.
      Class:      5.30 MB used.
       Both:     44.61 MB used.

Virtual space:
  Non-class space:       40.00 MB reserved,      39.50 MB ( 99%) committed,  5 nodes.
      Class space:        1.00 GB reserved,       5.44 MB ( <1%) committed,  1 nodes.
              Both:        1.04 GB reserved,      44.94 MB (  4%) committed. 

Chunk freelists:
   Non-Class:  544.00 KB
       Class:  2.39 MB
        Both:  2.92 MB

MaxMetaspaceSize: 17179869184.00 GB
CompressedClassSpaceSize: 1.00 GB
 - commit_granule_bytes: 65536.
 - commit_granule_words: 8192.
 - virtual_space_node_default_size: 1048576.
 - enlarge_chunks_in_place: 1.
 - new_chunks_are_fully_committed: 0.
 - uncommit_free_chunks: 1.
 - use_allocation_guard: 0.
 - handle_deallocations: 1.


Internal statistics:

num_allocs_failed_limit: 6.
num_arena_births: 434.
num_arena_deaths: 0.
num_vsnodes_births: 6.
num_vsnodes_deaths: 0.
num_space_committed: 719.
num_space_uncommitted: 0.
num_chunks_returned_to_freelist: 6.
num_chunks_taken_from_freelist: 1900.
num_chunk_merges: 6.
num_chunk_splits: 1377.
num_chunks_enlarged: 1095.
num_purges: 0.

CodeHeap 'non-profiled nmethods': size=120036Kb used=2426Kb max_used=2426Kb free=117609Kb
 bounds [0x00007f2b8fa1e000, 0x00007f2b8fc8e000, 0x00007f2b96f57000]
CodeHeap 'profiled nmethods': size=120032Kb used=10291Kb max_used=10291Kb free=109740Kb
 bounds [0x00007f2b884e6000, 0x00007f2b88ef6000, 0x00007f2b8fa1e000]
CodeHeap 'non-nmethods': size=5692Kb used=1305Kb max_used=1343Kb free=4386Kb
 bounds [0x00007f2b87f57000, 0x00007f2b881c7000, 0x00007f2b884e6000]
 total_blobs=6032 nmethods=5399 adapters=548
 compilation: enabled
              stopped_count=0, restarted_count=0
 full_count=0

Compilation events (20 events):
Event: 38641.797 Thread 0x00007f2ba00721b0 5507       3       io.undertow.server.HttpServerExchange::getSourceAddress (25 bytes)
Event: 38641.797 Thread 0x00007f2ba00721b0 nmethod 5507 0x00007f2b88eef590 code [0x00007f2b88eef760, 0x00007f2b88eefaa0]
Event: 38701.884 Thread 0x00007f2ba00721b0 5509       1       sun.nio.ch.SelectionKeyImpl::registeredEvents (5 bytes)
Event: 38701.884 Thread 0x00007f2ba00721b0 nmethod 5509 0x00007f2b8fc7ba10 code [0x00007f2b8fc7bba0, 0x00007f2b8fc7bc70]
Event: 38701.884 Thread 0x00007f2ba00721b0 5510       1       sun.nio.ch.SelectionKeyImpl::registeredEvents (6 bytes)
Event: 38701.884 Thread 0x00007f2ba00721b0 nmethod 5510 0x00007f2b8fc7bd10 code [0x00007f2b8fc7bea0, 0x00007f2b8fc7bf70]
Event: 39139.828 Thread 0x00007f2ba0070b80 5511       4       java.lang.StringBuilder::append (6 bytes)
Event: 39139.829 Thread 0x00007f2ba0070b80 nmethod 5511 0x00007f2b8fc7c010 code [0x00007f2b8fc7c1a0, 0x00007f2b8fc7c248]
Event: 39582.416 Thread 0x00007f2ba00721b0 5512       3       sun.nio.ch.Net::setSocketOption (338 bytes)
Event: 39582.419 Thread 0x00007f2ba00721b0 nmethod 5512 0x00007f2b88eefb90 code [0x00007f2b88eeff00, 0x00007f2b88ef1820]
Event: 39582.419 Thread 0x00007f2ba00721b0 5513       3       sun.net.ext.ExtendedSocketOptions::isOptionSupported (11 bytes)
Event: 39582.419 Thread 0x00007f2ba00721b0 nmethod 5513 0x00007f2b88ef1f10 code [0x00007f2b88ef20c0, 0x00007f2b88ef22a0]
Event: 39582.421 Thread 0x00007f2ba00721b0 5514       3       io.prometheus.client.Counter$Child::inc (10 bytes)
Event: 39582.422 Thread 0x00007f2ba00721b0 nmethod 5514 0x00007f2b88ef2390 code [0x00007f2b88ef2540, 0x00007f2b88ef2680]
Event: 39582.422 Thread 0x00007f2ba00721b0 5515       3       io.prometheus.client.Counter$Child::incWithExemplar (57 bytes)
Event: 39582.422 Thread 0x00007f2ba00721b0 nmethod 5515 0x00007f2b88ef2710 code [0x00007f2b88ef2900, 0x00007f2b88ef2ce0]
Event: 39583.402 Thread 0x00007f2ba0070b80 5516       4       java.util.TreeMap$PrivateEntryIterator::<init> (28 bytes)
Event: 39583.403 Thread 0x00007f2ba0070b80 nmethod 5516 0x00007f2b8fc7c310 code [0x00007f2b8fc7c4a0, 0x00007f2b8fc7c558]
Event: 39889.827 Thread 0x00007f2ba0070b80 5517       4       java.util.concurrent.ConcurrentHashMap$BaseIterator::<init> (21 bytes)
Event: 39889.831 Thread 0x00007f2ba0070b80 nmethod 5517 0x00007f2b8fc7c610 code [0x00007f2b8fc7c7a0, 0x00007f2b8fc7c9b8]

GC Heap History (20 events):
Event: 21.927 GC heap before
{Heap before GC invocations=109 (full 2):
 def new generation   total 10368K, used 9933K [0x00000000f0000000, 0x00000000f0b30000, 0x00000000f5550000)
  eden space 9280K, 100% used [0x00000000f0000000, 0x00000000f0910000, 0x00000000f0910000)
  from space 1088K,  60% used [0x00000000f0a20000, 0x00000000f0ac3670, 0x00000000f0b30000)
  to   space 1088K,   0% used [0x00000000f0910000, 0x00000000f0910000, 0x00000000f0a20000)
 tenured generation   total 22900K, used 14452K [0x00000000f5550000, 0x00000000f6bad000, 0x0000000100000000)
   the space 22900K,  63% used [0x00000000f5550000, 0x00000000f636d208, 0x00000000f636d400, 0x00000000f6bad000)
 Metaspace       used 39733K, committed 40064K, reserved 1089536K
  class space    used 4771K, committed 4928K, reserved 1048576K
}
Event: 21.932 GC heap after
{Heap after GC invocations=110 (full 2):
 def new generation   total 10368K, used 473K [0x00000000f0000000, 0x00000000f0b30000, 0x00000000f5550000)
  eden space 9280K,   0% used [0x00000000f0000000, 0x00000000f0000000, 0x00000000f0910000)
  from space 1088K,  43% used [0x00000000f0910000, 0x00000000f0986628, 0x00000000f0a20000)
  to   space 1088K,   0% used [0x00000000f0a20000, 0x00000000f0a20000, 0x00000000f0b30000)
 tenured generation   total 22900K, used 14858K [0x00000000f5550000, 0x00000000f6bad000, 0x0000000100000000)
   the space 22900K,  64% used [0x00000000f5550000, 0x00000000f63d2a58, 0x00000000f63d2c00, 0x00000000f6bad000)
 Metaspace       used 39733K, committed 40064K, reserved 1089536K
  class space    used 4771K, committed 4928K, reserved 1048576K
}
Event: 22.231 GC heap before
{Heap before GC invocations=110 (full 2):
 def new generation   total 10368K, used 9753K [0x00000000f0000000, 0x00000000f0b30000, 0x00000000f5550000)
  eden space 9280K, 100% used [0x00000000f0000000, 0x00000000f0910000, 0x00000000f0910000)
  from space 1088K,  43% used [0x00000000f0910000, 0x00000000f0986628, 0x00000000f0a20000)
  to   space 1088K,   0% used [0x00000000f0a20000, 0x00000000f0a20000, 0x00000000f0b30000)
 tenured generation   total 22900K, used 14858K [0x00000000f5550000, 0x00000000f6bad000, 0x0000000100000000)
   the space 22900K,  64% used [0x00000000f5550000, 0x00000000f63d2a58, 0x00000000f63d2c00, 0x00000000f6bad000)
 Metaspace       used 40101K, committed 40448K, reserved 1089536K
  class space    used 4816K, committed 4992K, reserved 1048576K
}
Event: 22.234 GC heap after
{Heap after GC invocations=111 (full 2):
 def new generation   total 10368K, used 952K [0x00000000f0000000, 0x00000000f0b30000, 0x00000000f5550000)
  eden space 9280K,   0% used [0x00000000f0000000, 0x00000000f0000000, 0x00000000f0910000)
  from space 1088K,  87% used [0x00000000f0a20000, 0x00000000f0b0e118, 0x00000000f0b30000)
  to   space 1088K,   0% used [0x00000000f0910000, 0x00000000f0910000, 0x00000000f0a20000)
 tenured generation   total 22900K, used 14858K [0x00000000f5550000, 0x00000000f6bad000, 0x0000000100000000)
   the space 22900K,  64% used [0x00000000f5550000, 0x00000000f63d2a58, 0x00000000f63d2c00, 0x00000000f6bad000)
 Metaspace       used 40101K, committed 40448K, reserved 1089536K
  class space    used 4816K, committed 4992K, reserved 1048576K
}
Event: 22.434 GC heap before
{Heap before GC invocations=111 (full 2):
 def new generation   total 10368K, used 10232K [0x00000000f0000000, 0x00000000f0b30000, 0x00000000f5550000)
  eden space 9280K, 100% used [0x00000000f0000000, 0x00000000f0910000, 0x00000000f0910000)
  from space 1088K,  87% used [0x00000000f0a20000, 0x00000000f0b0e118, 0x00000000f0b30000)
  to   space 1088K,   0% used [0x00000000f0910000, 0x00000000f0910000, 0x00000000f0a20000)
 tenured generation   total 22900K, used 14858K [0x00000000f5550000, 0x00000000f6bad000, 0x0000000100000000)
   the space 22900K,  64% used [0x00000000f5550000, 0x00000000f63d2a58, 0x00000000f63d2c00, 0x00000000f6bad000)
 Metaspace       used 40584K, committed 40896K, reserved 1089536K
  class space    used 4887K, committed 5056K, reserved 1048576K
}
Event: 22.439 GC heap after
{Heap after GC invocations=112 (full 2):
 def new generation   total 10368K, used 683K [0x00000000f0000000, 0x00000000f0b30000, 0x00000000f5550000)
  eden space 9280K,   0% used [0x00000000f0000000, 0x00000000f0000000, 0x00000000f0910000)
  from space 1088K,  62% used [0x00000000f0910000, 0x00000000f09bacd8, 0x00000000f0a20000)
  to   space 1088K,   0% used [0x00000000f0a20000, 0x00000000f0a20000, 0x00000000f0b30000)
 tenured generation   total 22900K, used 15310K [0x00000000f5550000, 0x00000000f6bad000, 0x0000000100000000)
   the space 22900K,  66% used [0x00000000f5550000, 0x00000000f6443a58, 0x00000000f6443c00, 0x00000000f6bad000)
 Metaspace       used 40584K, committed 40896K, reserved 1089536K
  class space    used 4887K, committed 5056K, reserved 1048576K
}
Event: 22.736 GC heap before
{Heap before GC invocations=112 (full 2):
 def new generation   total 10368K, used 9963K [0x00000000f0000000, 0x00000000f0b30000, 0x00000000f5550000)
  eden space 9280K, 100% used [0x00000000f0000000, 0x00000000f0910000, 0x00000000f0910000)
  from space 1088K,  62% used [0x00000000f0910000, 0x00000000f09bacd8, 0x00000000f0a20000)
  to   space 1088K,   0% used [0x00000000f0a20000, 0x00000000f0a20000, 0x00000000f0b30000)
 tenured generation   total 22900K, used 15310K [0x00000000f5550000, 0x00000000f6bad000, 0x0000000100000000)
   the space 22900K,  66% used [0x00000000f5550000, 0x00000000f6443a58, 0x00000000f6443c00, 0x00000000f6bad000)
 Metaspace       used 41073K, committed 41408K, reserved 1089536K
  class space    used 4951K, committed 5120K, reserved 1048576K
}
Event: 22.820 GC heap after
{Heap after GC invocations=113 (full 2):
 def new generation   total 10368K, used 408K [0x00000000f0000000, 0x00000000f0b30000, 0x00000000f5550000)
  eden space 9280K,   0% used [0x00000000f0000000, 0x00000000f0000000, 0x00000000f0910000)
  from space 1088K,  37% used [0x00000000f0a20000, 0x00000000f0a860d8, 0x00000000f0b30000)
  to   space 1088K,   0% used [0x00000000f0910000, 0x00000000f0910000, 0x00000000f0a20000)
 tenured generation   total 22900K, used 15775K [0x00000000f5550000, 0x00000000f6bad000, 0x0000000100000000)
   the space 22900K,  68% used [0x00000000f5550000, 0x00000000f64b7c40, 0x00000000f64b7e00, 0x00000000f6bad000)
 Metaspace       used 41073K, committed 41408K, reserved 1089536K
  class space    used 4951K, committed 5120K, reserved 1048576K
}
Event: 23.226 GC heap before
{Heap before GC invocations=113 (full 2):
 def new generation   total 10368K, used 9688K [0x00000000f0000000, 0x00000000f0b30000, 0x00000000f5550000)
  eden space 9280K, 100% used [0x00000000f0000000, 0x00000000f0910000, 0x00000000f0910000)
  from space 1088K,  37% used [0x00000000f0a20000, 0x00000000f0a860d8, 0x00000000f0b30000)
  to   space 1088K,   0% used [0x00000000f0910000, 0x00000000f0910000, 0x00000000f0a20000)
 tenured generation   total 22900K, used 15775K [0x00000000f5550000, 0x00000000f6bad000, 0x0000000100000000)
   the space 22900K,  68% used [0x00000000f5550000, 0x00000000f64b7c40, 0x00000000f64b7e00, 0x00000000f6bad000)
 Metaspace       used 41583K, committed 41984K, reserved 1089536K
  class space    used 5022K, committed 5184K, reserved 1048576K
}
Event: 23.230 GC heap after
{Heap after GC invocations=114 (full 2):
 def new generation   total 10368K, used 847K [0x00000000f0000000, 0x00000000f0b30000, 0x00000000f5550000)
  eden space 9280K,   0% used [0x00000000f0000000, 0x00000000f0000000, 0x00000000f0910000)
  from space 1088K,  77% used [0x00000000f0910000, 0x00000000f09e3ef0, 0x00000000f0a20000)
  to   space 1088K,   0% used [0x00000000f0a20000, 0x00000000f0a20000, 0x00000000f0b30000)
 tenured generation   total 22900K, used 15775K [0x00000000f5550000, 0x00000000f6bad000, 0x0000000100000000)
   the space 22900K,  68% used [0x00000000f5550000, 0x00000000f64b7c40, 0x00000000f64b7e00, 0x00000000f6bad000)
 Metaspace       used 41583K, committed 41984K, reserved 1089536K
  class space    used 5022K, committed 5184K, reserved 1048576K
}
Event: 23.522 GC heap before
{Heap before GC invocations=114 (full 2):
 def new generation   total 10368K, used 10127K [0x00000000f0000000, 0x00000000f0b30000, 0x00000000f5550000)
  eden space 9280K, 100% used [0x00000000f0000000, 0x00000000f0910000, 0x00000000f0910000)
  from space 1088K,  77% used [0x00000000f0910000, 0x00000000f09e3ef0, 0x00000000f0a20000)
  to   space 1088K,   0% used [0x00000000f0a20000, 0x00000000f0a20000, 0x00000000f0b30000)
 tenured generation   total 22900K, used 15775K [0x00000000f5550000, 0x00000000f6bad000, 0x0000000100000000)
   the space 22900K,  68% used [0x00000000f5550000, 0x00000000f64b7c40, 0x00000000f64b7e00, 0x00000000f6bad000)
 Metaspace       used 42585K, committed 43008K, reserved 1089536K
  class space    used 5135K, committed 5312K, reserved 1048576K
}
Event: 23.527 GC heap after
{Heap after GC invocations=115 (full 2):
 def new generation   total 10368K, used 754K [0x00000000f0000000, 0x00000000f0b30000, 0x00000000f5550000)
  eden space 9280K,   0% used [0x00000000f0000000, 0x00000000f0000000, 0x00000000f0910000)
  from space 1088K,  69% used [0x00000000f0a20000, 0x00000000f0adcbd8, 0x00000000f0b30000)
  to   space 1088K,   0% used [0x00000000f0910000, 0x00000000f0910000, 0x00000000f0a20000)
 tenured generation   total 22900K, used 16158K [0x00000000f5550000, 0x00000000f6bad000, 0x0000000100000000)
   the space 22900K,  70% used [0x00000000f5550000, 0x00000000f6517b40, 0x00000000f6517c00, 0x00000000f6bad000)
 Metaspace       used 42585K, committed 43008K, reserved 1089536K
  class space    used 5135K, committed 5312K, reserved 1048576K
}
Event: 23.735 GC heap before
{Heap before GC invocations=115 (full 2):
 def new generation   total 10368K, used 10034K [0x00000000f0000000, 0x00000000f0b30000, 0x00000000f5550000)
  eden space 9280K, 100% used [0x00000000f0000000, 0x00000000f0910000, 0x00000000f0910000)
  from space 1088K,  69% used [0x00000000f0a20000, 0x00000000f0adcbd8, 0x00000000f0b30000)
  to   space 1088K,   0% used [0x00000000f0910000, 0x00000000f0910000, 0x00000000f0a20000)
 tenured generation   total 22900K, used 16158K [0x00000000f5550000, 0x00000000f6bad000, 0x0000000100000000)
   the space 22900K,  70% used [0x00000000f5550000, 0x00000000f6517b40, 0x00000000f6517c00, 0x00000000f6bad000)
 Metaspace       used 43198K, committed 43520K, reserved 1089536K
  class space    used 5218K, committed 5376K, reserved 1048576K
}
Event: 23.740 GC heap after
{Heap after GC invocations=116 (full 2):
 def new generation   total 10368K, used 678K [0x00000000f0000000, 0x00000000f0b30000, 0x00000000f5550000)
  eden space 9280K,   0% used [0x00000000f0000000, 0x00000000f0000000, 0x00000000f0910000)
  from space 1088K,  62% used [0x00000000f0910000, 0x00000000f09b9ae8, 0x00000000f0a20000)
  to   space 1088K,   0% used [0x00000000f0a20000, 0x00000000f0a20000, 0x00000000f0b30000)
 tenured generation   total 22900K, used 16606K [0x00000000f5550000, 0x00000000f6bad000, 0x0000000100000000)
   the space 22900K,  72% used [0x00000000f5550000, 0x00000000f6587b60, 0x00000000f6587c00, 0x00000000f6bad000)
 Metaspace       used 43198K, committed 43520K, reserved 1089536K
  class space    used 5218K, committed 5376K, reserved 1048576K
}
Event: 24.154 GC heap before
{Heap before GC invocations=116 (full 2):
 def new generation   total 10368K, used 9958K [0x00000000f0000000, 0x00000000f0b30000, 0x00000000f5550000)
  eden space 9280K, 100% used [0x00000000f0000000, 0x00000000f0910000, 0x00000000f0910000)
  from space 1088K,  62% used [0x00000000f0910000, 0x00000000f09b9ae8, 0x00000000f0a20000)
  to   space 1088K,   0% used [0x00000000f0a20000, 0x00000000f0a20000, 0x00000000f0b30000)
 tenured generation   total 22900K, used 16606K [0x00000000f5550000, 0x00000000f6bad000, 0x0000000100000000)
   the space 22900K,  72% used [0x00000000f5550000, 0x00000000f6587b60, 0x00000000f6587c00, 0x00000000f6bad000)
 Metaspace       used 44138K, committed 44544K, reserved 1089536K
  class space    used 5319K, committed 5504K, reserved 1048576K
}
Event: 24.196 GC heap after
{Heap after GC invocations=117 (full 2):
 def new generation   total 10368K, used 737K [0x00000000f0000000, 0x00000000f0b30000, 0x00000000f5550000)
  eden space 9280K,   0% used [0x00000000f0000000, 0x00000000f0000000, 0x00000000f0910000)
  from space 1088K,  67% used [0x00000000f0a20000, 0x00000000f0ad86c8, 0x00000000f0b30000)
  to   space 1088K,   0% used [0x00000000f0910000, 0x00000000f0910000, 0x00000000f0a20000)
 tenured generation   total 22900K, used 16891K [0x00000000f5550000, 0x00000000f6bad000, 0x0000000100000000)
   the space 22900K,  73% used [0x00000000f5550000, 0x00000000f65cee00, 0x00000000f65cee00, 0x00000000f6bad000)
 Metaspace       used 44138K, committed 44544K, reserved 1089536K
  class space    used 5319K, committed 5504K, reserved 1048576K
}
Event: 24.321 GC heap before
{Heap before GC invocations=117 (full 2):
 def new generation   total 10368K, used 10017K [0x00000000f0000000, 0x00000000f0b30000, 0x00000000f5550000)
  eden space 9280K, 100% used [0x00000000f0000000, 0x00000000f0910000, 0x00000000f0910000)
  from space 1088K,  67% used [0x00000000f0a20000, 0x00000000f0ad86c8, 0x00000000f0b30000)
  to   space 1088K,   0% used [0x00000000f0910000, 0x00000000f0910000, 0x00000000f0a20000)
 tenured generation   total 22900K, used 16891K [0x00000000f5550000, 0x00000000f6bad000, 0x0000000100000000)
   the space 22900K,  73% used [0x00000000f5550000, 0x00000000f65cee00, 0x00000000f65cee00, 0x00000000f6bad000)
 Metaspace       used 44896K, committed 45248K, reserved 1089536K
  class space    used 5391K, committed 5568K, reserved 1048576K
}
Event: 24.326 GC heap after
{Heap after GC invocations=118 (full 2):
 def new generation   total 10368K, used 473K [0x00000000f0000000, 0x00000000f0b30000, 0x00000000f5550000)
  eden space 9280K,   0% used [0x00000000f0000000, 0x00000000f0000000, 0x00000000f0910000)
  from space 1088K,  43% used [0x00000000f0910000, 0x00000000f0986400, 0x00000000f0a20000)
  to   space 1088K,   0% used [0x00000000f0a20000, 0x00000000f0a20000, 0x00000000f0b30000)
 tenured generation   total 22900K, used 17261K [0x00000000f5550000, 0x00000000f6bad000, 0x0000000100000000)
   the space 22900K,  75% used [0x00000000f5550000, 0x00000000f662b700, 0x00000000f662b800, 0x00000000f6bad000)
 Metaspace       used 44896K, committed 45248K, reserved 1089536K
  class space    used 5391K, committed 5568K, reserved 1048576K
}
Event: 34982.387 GC heap before
{Heap before GC invocations=118 (full 2):
 def new generation   total 10368K, used 9753K [0x00000000f0000000, 0x00000000f0b30000, 0x00000000f5550000)
  eden space 9280K, 100% used [0x00000000f0000000, 0x00000000f0910000, 0x00000000f0910000)
  from space 1088K,  43% used [0x00000000f0910000, 0x00000000f0986400, 0x00000000f0a20000)
  to   space 1088K,   0% used [0x00000000f0a20000, 0x00000000f0a20000, 0x00000000f0b30000)
 tenured generation   total 22900K, used 17261K [0x00000000f5550000, 0x00000000f6bad000, 0x0000000100000000)
   the space 22900K,  75% used [0x00000000f5550000, 0x00000000f662b700, 0x00000000f662b800, 0x00000000f6bad000)
 Metaspace       used 45645K, committed 46016K, reserved 1089536K
  class space    used 5425K, committed 5568K, reserved 1048576K
}
Event: 34982.391 GC heap after
{Heap after GC invocations=119 (full 2):
 def new generation   total 10368K, used 540K [0x00000000f0000000, 0x00000000f0b30000, 0x00000000f5550000)
  eden space 9280K,   0% used [0x00000000f0000000, 0x00000000f0000000, 0x00000000f0910000)
  from space 1088K,  49% used [0x00000000f0a20000, 0x00000000f0aa7070, 0x00000000f0b30000)
  to   space 1088K,   0% used [0x00000000f0910000, 0x00000000f0910000, 0x00000000f0a20000)
 tenured generation   total 22900K, used 17261K [0x00000000f5550000, 0x00000000f6bad000, 0x0000000100000000)
   the space 22900K,  75% used [0x00000000f5550000, 0x00000000f662b700, 0x00000000f662b800, 0x00000000f6bad000)
 Metaspace       used 45645K, committed 46016K, reserved 1089536K
  class space    used 5425K, committed 5568K, reserved 1048576K
}

Deoptimization events (20 events):
Event: 23.533 Thread 0x00007f2ba00232f0 DEOPT PACKING pc=0x00007f2b8fc17310 sp=0x00007f2ba7221080
Event: 23.533 Thread 0x00007f2ba00232f0 DEOPT UNPACKING pc=0x00007f2b87fa4124 sp=0x00007f2ba7221038 mode 2
Event: 23.533 Thread 0x00007f2ba00232f0 Uncommon trap: trap_request=0xffffffbe fr.pc=0x00007f2b8fc17310 relative=0x0000000000000650
Event: 23.533 Thread 0x00007f2ba00232f0 Uncommon trap: reason=profile_predicate action=maybe_recompile pc=0x00007f2b8fc17310 method=java.lang.PublicMethods$MethodList.filter([Ljava/lang/reflect/Method;Ljava/lang/String;[Ljava/lang/Class;Z)Ljava/lang/PublicMethods$MethodList; @ 21 c2
Event: 23.533 Thread 0x00007f2ba00232f0 DEOPT PACKING pc=0x00007f2b8fc17310 sp=0x00007f2ba7220fd0
Event: 23.533 Thread 0x00007f2ba00232f0 DEOPT UNPACKING pc=0x00007f2b87fa4124 sp=0x00007f2ba7220f88 mode 2
Event: 23.732 Thread 0x00007f2ba00232f0 Uncommon trap: trap_request=0xffffff76 fr.pc=0x00007f2b8fc1d3a8 relative=0x00000000000002e8
Event: 23.732 Thread 0x00007f2ba00232f0 Uncommon trap: reason=predicate action=maybe_recompile pc=0x00007f2b8fc1d3a8 method=java.util.AbstractCollection.toArray([Ljava/lang/Object;)[Ljava/lang/Object; @ 43 c2
Event: 23.732 Thread 0x00007f2ba00232f0 DEOPT PACKING pc=0x00007f2b8fc1d3a8 sp=0x00007f2ba72229f0
Event: 23.732 Thread 0x00007f2ba00232f0 DEOPT UNPACKING pc=0x00007f2b87fa4124 sp=0x00007f2ba7222998 mode 2
Event: 23.821 Thread 0x00007f2ba00232f0 DEOPT PACKING pc=0x00007f2b889c48f1 sp=0x00007f2ba7222e60
Event: 23.821 Thread 0x00007f2ba00232f0 DEOPT UNPACKING pc=0x00007f2b87fa48ba sp=0x00007f2ba7222390 mode 0
Event: 23.933 Thread 0x00007f2ba1091ee0 Uncommon trap: trap_request=0xfffffff4 fr.pc=0x00007f2b8fb985ac relative=0x00000000000002cc
Event: 23.933 Thread 0x00007f2ba1091ee0 Uncommon trap: reason=null_check action=make_not_entrant pc=0x00007f2b8fb985ac method=sun.nio.fs.NativeBuffers.getNativeBufferFromCache(I)Lsun/nio/fs/NativeBuffer; @ 6 c2
Event: 23.933 Thread 0x00007f2ba1091ee0 DEOPT PACKING pc=0x00007f2b8fb985ac sp=0x00007f2b4ea5c7e0
Event: 23.933 Thread 0x00007f2ba1091ee0 DEOPT UNPACKING pc=0x00007f2b87fa4124 sp=0x00007f2b4ea5c728 mode 2
Event: 23.933 Thread 0x00007f2ba1091ee0 Uncommon trap: trap_request=0xfffffff4 fr.pc=0x00007f2b8fb9a16c relative=0x00000000000001ac
Event: 23.933 Thread 0x00007f2ba1091ee0 Uncommon trap: reason=null_check action=make_not_entrant pc=0x00007f2b8fb9a16c method=sun.nio.fs.NativeBuffers.releaseNativeBuffer(Lsun/nio/fs/NativeBuffer;)V @ 6 c2
Event: 23.933 Thread 0x00007f2ba1091ee0 DEOPT PACKING pc=0x00007f2b8fb9a16c sp=0x00007f2b4ea5c7e0
Event: 23.933 Thread 0x00007f2ba1091ee0 DEOPT UNPACKING pc=0x00007f2b87fa4124 sp=0x00007f2b4ea5c740 mode 2

Classes unloaded (0 events):
No events

Classes redefined (0 events):
No events

Internal exceptions (20 events):
Event: 21.720 Thread 0x00007f2ba00232f0 Exception <a 'java/lang/ClassNotFoundException'{0x00000000f00ef548}: org/springframework/web/servlet/config/annotation/WebMvcConfigurationSupportCustomizer> (0x00000000f00ef548) 
thrown [./src/hotspot/share/classfile/systemDictionary.cpp, line 256]
Event: 21.721 Thread 0x00007f2ba00232f0 Exception <a 'java/lang/ClassNotFoundException'{0x00000000f01376f0}: org/springframework/web/servlet/config/annotation/DelegatingWebMvcConfigurationCustomizer> (0x00000000f01376f0) 
thrown [./src/hotspot/share/classfile/systemDictionary.cpp, line 256]
Event: 21.721 Thread 0x00007f2ba00232f0 Exception <a 'java/lang/ClassNotFoundException'{0x00000000f0179b40}: org/springframework/boot/autoconfigure/web/servlet/WebMvcAutoConfiguration$EnableWebMvcConfigurationCustomizer> (0x00000000f0179b40) 
thrown [./src/hotspot/share/classfile/systemDictionary.cpp, line 256]
Event: 21.723 Thread 0x00007f2ba00232f0 Exception <a 'java/lang/ClassNotFoundException'{0x00000000f01ba478}: org/springframework/context/ResourceLoaderAwareCustomizer> (0x00000000f01ba478) 
thrown [./src/hotspot/share/classfile/systemDictionary.cpp, line 256]
Event: 21.723 Thread 0x00007f2ba00232f0 Exception <a 'java/lang/ClassNotFoundException'{0x00000000f01ea8e8}: org/springframework/beans/factory/AwareCustomizer> (0x00000000f01ea8e8) 
thrown [./src/hotspot/share/classfile/systemDictionary.cpp, line 256]
Event: 21.723 Thread 0x00007f2ba00232f0 Exception <a 'java/lang/ClassNotFoundException'{0x00000000f021cb98}: org/springframework/context/ApplicationContextAwareCustomizer> (0x00000000f021cb98) 
thrown [./src/hotspot/share/classfile/systemDictionary.cpp, line 256]
Event: 21.724 Thread 0x00007f2ba00232f0 Exception <a 'java/lang/ClassNotFoundException'{0x00000000f024dbe8}: org/springframework/beans/factory/AwareCustomizer> (0x00000000f024dbe8) 
thrown [./src/hotspot/share/classfile/systemDictionary.cpp, line 256]
Event: 21.724 Thread 0x00007f2ba00232f0 Exception <a 'java/lang/ClassNotFoundException'{0x00000000f027fed0}: org/springframework/web/context/ServletContextAwareCustomizer> (0x00000000f027fed0) 
thrown [./src/hotspot/share/classfile/systemDictionary.cpp, line 256]
Event: 21.724 Thread 0x00007f2ba00232f0 Exception <a 'java/lang/ClassNotFoundException'{0x00000000f02b07b8}: org/springframework/beans/factory/AwareCustomizer> (0x00000000f02b07b8) 
thrown [./src/hotspot/share/classfile/systemDictionary.cpp, line 256]
Event: 22.240 Thread 0x00007f2ba00232f0 Exception <a 'java/lang/NoSuchMethodError'{0x00000000f0171878}: 'void java.lang.invoke.DirectMethodHandle$Holder.invokeVirtual(java.lang.Object, java.lang.Object, int)'> (0x00000000f0171878) 
thrown [./src/hotspot/share/interpreter/linkResolver.cpp, line 790]
Event: 22.320 Thread 0x00007f2ba00232f0 Exception <a 'java/lang/NoSuchMethodError'{0x00000000f018caa8}: 'void java.lang.invoke.DirectMethodHandle$Holder.invokeVirtual(java.lang.Object, java.lang.Object, long)'> (0x00000000f018caa8) 
thrown [./src/hotspot/share/interpreter/linkResolver.cpp, line 790]
Event: 22.833 Thread 0x00007f2ba00232f0 Exception <a 'java/lang/IncompatibleClassChangeError'{0x00000000f01295d8}: Found class java.lang.Object, but interface was expected> (0x00000000f01295d8) 
thrown [./src/hotspot/share/interpreter/linkResolver.cpp, line 857]
Event: 23.321 Thread 0x00007f2ba00232f0 Exception <a 'java/lang/NoSuchMethodError'{0x00000000f016d9a0}: 'java.lang.Object java.lang.invoke.DirectMethodHandle$Holder.newInvokeSpecial(java.lang.Object, java.lang.Object, int, java.lang.Object, java.lang.Object)'> (0x00000000f016d9a0) 
thrown [./src/hotspot/share/interpreter/linkResolver.cpp, line 790]
Event: 23.322 Thread 0x00007f2ba00232f0 Exception <a 'java/lang/NoSuchMethodError'{0x00000000f0179508}: 'java.lang.Object java.lang.invoke.DirectMethodHandle$Holder.invokeSpecial(java.lang.Object, java.lang.Object, int, java.lang.Object, int, java.lang.Object)'> (0x00000000f0179508) 
thrown [./src/hotspot/share/interpreter/linkResolver.cpp, line 790]
Event: 23.323 Thread 0x00007f2ba00232f0 Exception <a 'java/lang/NoSuchMethodError'{0x00000000f0181b70}: 'java.lang.Object java.lang.invoke.DirectMethodHandle$Holder.newInvokeSpecial(java.lang.Object, java.lang.Object, int, java.lang.Object, int)'> (0x00000000f0181b70) 
thrown [./src/hotspot/share/interpreter/linkResolver.cpp, line 790]
Event: 23.323 Thread 0x00007f2ba00232f0 Exception <a 'java/lang/NoSuchMethodError'{0x00000000f0185fd0}: 'java.lang.Object java.lang.invoke.DirectMethodHandle$Holder.invokeSpecial(java.lang.Object, java.lang.Object, java.lang.Object, int, java.lang.Object, int)'> (0x00000000f0185fd0) 
thrown [./src/hotspot/share/interpreter/linkResolver.cpp, line 790]
Event: 23.434 Thread 0x00007f2ba00232f0 Exception <a 'java/lang/IncompatibleClassChangeError'{0x00000000f08ac2d8}: Found class java.lang.Object, but interface was expected> (0x00000000f08ac2d8) 
thrown [./src/hotspot/share/interpreter/linkResolver.cpp, line 857]
Event: 23.933 Thread 0x00007f2ba1091ee0 Implicit null exception at 0x00007f2b8fb983bd to 0x00007f2b8fb98578
Event: 23.933 Thread 0x00007f2ba1091ee0 Implicit null exception at 0x00007f2b8fb9a083 to 0x00007f2b8fb9a15c
Event: 24.210 Thread 0x00007f2ba0f965e0 Exception <a 'java/lang/NoClassDefFoundError'{0x00000000f02416e8}: sun/reflect/Reflection> (0x00000000f02416e8) 
thrown [./src/hotspot/share/classfile/systemDictionary.cpp, line 245]

Events (20 events):
Event: 34961.715 Executing  VM operation: Cleanup
Event: 34961.715 Executing  VM operation: Cleanup done
Event: 34982.387 Executing  VM operation: GenCollectForAllocation
Event: 34982.391 Executing  VM operation: GenCollectForAllocation done
Event: 35881.695 Executing  VM operation: Cleanup
Event: 35881.695 Executing  VM operation: Cleanup done
Event: 35902.697 Executing  VM operation: Cleanup
Event: 35902.697 Executing  VM operation: Cleanup done
Event: 36860.005 Executing  VM operation: Cleanup
Event: 36860.005 Executing  VM operation: Cleanup done
Event: 37722.156 Executing  VM operation: Cleanup
Event: 37722.156 Executing  VM operation: Cleanup done
Event: 37743.169 Executing  VM operation: Cleanup
Event: 37743.169 Executing  VM operation: Cleanup done
Event: 38642.431 Executing  VM operation: Cleanup
Event: 38642.431 Executing  VM operation: Cleanup done
Event: 38663.433 Executing  VM operation: Cleanup
Event: 38663.434 Executing  VM operation: Cleanup done
Event: 39260.608 Executing  VM operation: Cleanup
Event: 39260.609 Executing  VM operation: Cleanup done


Dynamic libraries:
f0000000-f0b30000 rw-p 00000000 00:00 0 
f0b30000-f5550000 ---p 00000000 00:00 0 
f5550000-f6bad000 rw-p 00000000 00:00 0 
f6bad000-100000000 ---p 00000000 00:00 0 
800000000-800003000 rwxp 00001000 00:95f 554                             /home/runner/.jabba/jdk/zulu@1.16.0/lib/server/classes.jsa
800003000-80043e000 rw-p 00004000 00:95f 554                             /home/runner/.jabba/jdk/zulu@1.16.0/lib/server/classes.jsa
80043e000-800bfa000 r--p 0043f000 00:95f 554                             /home/runner/.jabba/jdk/zulu@1.16.0/lib/server/classes.jsa
800bfa000-800c00000 ---p 00000000 00:00 0 
800c00000-800c30000 rw-p 00000000 00:00 0 
800c30000-800c70000 rw-p 00000000 00:00 0 
800c70000-800cf0000 rw-p 00000000 00:00 0 
800cf0000-800db0000 rw-p 00000000 00:00 0 
800db0000-801030000 rw-p 00000000 00:00 0 
801030000-801130000 rw-p 00000000 00:00 0 
801130000-801150000 rw-p 00000000 00:00 0 
801150000-801180000 ---p 00000000 00:00 0 
801180000-8011a0000 rw-p 00000000 00:00 0 
8011a0000-840c00000 ---p 00000000 00:00 0 
55d230c00000-55d230c01000 r-xp 00000000 00:95f 432                       /home/runner/.jabba/jdk/zulu@1.16.0/bin/java
55d230e01000-55d230e02000 r--p 00001000 00:95f 432                       /home/runner/.jabba/jdk/zulu@1.16.0/bin/java
55d230e02000-55d230e03000 rw-p 00002000 00:95f 432                       /home/runner/.jabba/jdk/zulu@1.16.0/bin/java
55d2317c8000-55d2317e9000 rw-p 00000000 00:00 0                          [heap]
7f2b30000000-7f2b30034000 rw-p 00000000 00:00 0 
7f2b30034000-7f2b34000000 ---p 00000000 00:00 0 
7f2b34000000-7f2b34095000 rw-p 00000000 00:00 0 
7f2b34095000-7f2b38000000 ---p 00000000 00:00 0 
7f2b38000000-7f2b380ab000 rw-p 00000000 00:00 0 
7f2b380ab000-7f2b3c000000 ---p 00000000 00:00 0 
7f2b3c000000-7f2b3c021000 rw-p 00000000 00:00 0 
7f2b3c021000-7f2b40000000 ---p 00000000 00:00 0 
7f2b40000000-7f2b40021000 rw-p 00000000 00:00 0 
7f2b40021000-7f2b44000000 ---p 00000000 00:00 0 
7f2b44000000-7f2b44021000 rw-p 00000000 00:00 0 
7f2b44021000-7f2b48000000 ---p 00000000 00:00 0 
7f2b48000000-7f2b48021000 rw-p 00000000 00:00 0 
7f2b48021000-7f2b4c000000 ---p 00000000 00:00 0 
7f2b4e65a000-7f2b4e65e000 ---p 00000000 00:00 0 
7f2b4e65e000-7f2b4e75b000 rw-p 00000000 00:00 0 
7f2b4e75b000-7f2b4e75d000 r-xp 00000000 00:95f 555                       /home/runner/.jabba/jdk/zulu@1.16.0/lib/libextnet.so
7f2b4e75d000-7f2b4e95c000 ---p 00002000 00:95f 555                       /home/runner/.jabba/jdk/zulu@1.16.0/lib/libextnet.so
7f2b4e95c000-7f2b4e95d000 r--p 00001000 00:95f 555                       /home/runner/.jabba/jdk/zulu@1.16.0/lib/libextnet.so
7f2b4e95d000-7f2b4e95e000 rw-p 00000000 00:00 0 
7f2b4e95e000-7f2b4e962000 ---p 00000000 00:00 0 
7f2b4e962000-7f2b4ea5f000 rw-p 00000000 00:00 0 
7f2b4ea5f000-7f2b4ea76000 r-xp 00000000 00:8ab 86115985                  /lib/x86_64-linux-gnu/libgcc_s.so.1
7f2b4ea76000-7f2b4ec75000 ---p 00017000 00:8ab 86115985                  /lib/x86_64-linux-gnu/libgcc_s.so.1
7f2b4ec75000-7f2b4ec76000 r--p 00016000 00:8ab 86115985                  /lib/x86_64-linux-gnu/libgcc_s.so.1
7f2b4ec76000-7f2b4ec77000 rw-p 00017000 00:8ab 86115985                  /lib/x86_64-linux-gnu/libgcc_s.so.1
7f2b4ec77000-7f2b4edf0000 r-xp 00000000 00:8ab 86902526                  /usr/lib/x86_64-linux-gnu/libstdc++.so.6.0.25
7f2b4edf0000-7f2b4eff0000 ---p 00179000 00:8ab 86902526                  /usr/lib/x86_64-linux-gnu/libstdc++.so.6.0.25
7f2b4eff0000-7f2b4effa000 r--p 00179000 00:8ab 86902526                  /usr/lib/x86_64-linux-gnu/libstdc++.so.6.0.25
7f2b4effa000-7f2b4effc000 rw-p 00183000 00:8ab 86902526                  /usr/lib/x86_64-linux-gnu/libstdc++.so.6.0.25
7f2b4effc000-7f2b4f000000 rw-p 00000000 00:00 0 
7f2b4f000000-7f2b4f00f000 r-xp 00000000 00:188 1142                      /tmp/libnetty_transport_native_epoll_x86_6414731660367760806443.so (deleted)
7f2b4f00f000-7f2b4f20f000 ---p 0000f000 00:188 1142                      /tmp/libnetty_transport_native_epoll_x86_6414731660367760806443.so (deleted)
7f2b4f20f000-7f2b4f211000 rw-p 0000f000 00:188 1142                      /tmp/libnetty_transport_native_epoll_x86_6414731660367760806443.so (deleted)
7f2b4f2ff000-7f2b4f303000 ---p 00000000 00:00 0 
7f2b4f303000-7f2b4f8f0000 rw-p 00000000 00:00 0 
7f2b4f8f0000-7f2b4f9f0000 rw-p 00000000 00:00 0 
7f2b4f9f0000-7f2b4fb80000 rw-p 00000000 00:00 0 
7f2b4fb80000-7f2b4fc00000 ---p 00000000 00:00 0 
7f2b4fcfd000-7f2b4fd01000 ---p 00000000 00:00 0 
7f2b4fd01000-7f2b4fdfe000 rw-p 00000000 00:00 0 
7f2b4fdfe000-7f2b4fe02000 ---p 00000000 00:00 0 
7f2b4fe02000-7f2b4feff000 rw-p 00000000 00:00 0 
7f2b4feff000-7f2b4ff03000 ---p 00000000 00:00 0 
7f2b4ff03000-7f2b50000000 rw-p 00000000 00:00 0 
7f2b50000000-7f2b50021000 rw-p 00000000 00:00 0 
7f2b50021000-7f2b54000000 ---p 00000000 00:00 0 
7f2b54000000-7f2b54021000 rw-p 00000000 00:00 0 
7f2b54021000-7f2b58000000 ---p 00000000 00:00 0 
7f2b58000000-7f2b58021000 rw-p 00000000 00:00 0 
7f2b58021000-7f2b5c000000 ---p 00000000 00:00 0 
7f2b5c000000-7f2b5c021000 rw-p 00000000 00:00 0 
7f2b5c021000-7f2b60000000 ---p 00000000 00:00 0 
7f2b60000000-7f2b60b43000 rw-p 00000000 00:00 0 
7f2b60b43000-7f2b64000000 ---p 00000000 00:00 0 
7f2b64000000-7f2b64021000 rw-p 00000000 00:00 0 
7f2b64021000-7f2b68000000 ---p 00000000 00:00 0 
7f2b68000000-7f2b68021000 rw-p 00000000 00:00 0 
7f2b68021000-7f2b6c000000 ---p 00000000 00:00 0 
7f2b6c000000-7f2b6d29d000 rw-p 00000000 00:00 0 
7f2b6d29d000-7f2b70000000 ---p 00000000 00:00 0 
7f2b70000000-7f2b70021000 rw-p 00000000 00:00 0 
7f2b70021000-7f2b74000000 ---p 00000000 00:00 0 
7f2b74000000-7f2b74021000 rw-p 00000000 00:00 0 
7f2b74021000-7f2b78000000 ---p 00000000 00:00 0 
7f2b78000000-7f2b78021000 rw-p 00000000 00:00 0 
7f2b78021000-7f2b7c000000 ---p 00000000 00:00 0 
7f2b7c000000-7f2b7c021000 rw-p 00000000 00:00 0 
7f2b7c021000-7f2b80000000 ---p 00000000 00:00 0 
7f2b80000000-7f2b80062000 rw-p 00000000 00:00 0 
7f2b80062000-7f2b84000000 ---p 00000000 00:00 0 
7f2b84000000-7f2b84370000 rw-p 00000000 00:00 0 
7f2b84370000-7f2b843f0000 rw-p 00000000 00:00 0 
7f2b843f0000-7f2b84470000 rw-p 00000000 00:00 0 
7f2b84470000-7f2b844f0000 rw-p 00000000 00:00 0 
7f2b844f0000-7f2b846f0000 rw-p 00000000 00:00 0 
7f2b846f0000-7f2b847f0000 rw-p 00000000 00:00 0 
7f2b847f0000-7f2b84bb0000 rw-p 00000000 00:00 0 
7f2b84bb0000-7f2b84bf0000 rw-p 00000000 00:00 0 
7f2b84bf0000-7f2b84df0000 rw-p 00000000 00:00 0 
7f2b84df0000-7f2b85000000 rw-p 00000000 00:00 0 
7f2b850f9000-7f2b850fd000 ---p 00000000 00:00 0 
7f2b850fd000-7f2b851fa000 rw-p 00000000 00:00 0 
7f2b851fa000-7f2b851ff000 r-xp 00000000 00:95f 591                       /home/runner/.jabba/jdk/zulu@1.16.0/lib/libmanagement_ext.so
7f2b851ff000-7f2b853fe000 ---p 00005000 00:95f 591                       /home/runner/.jabba/jdk/zulu@1.16.0/lib/libmanagement_ext.so
7f2b853fe000-7f2b853ff000 r--p 00004000 00:95f 591                       /home/runner/.jabba/jdk/zulu@1.16.0/lib/libmanagement_ext.so
7f2b853ff000-7f2b85770000 rw-p 00000000 00:00 0 
7f2b85770000-7f2b857f0000 rw-p 00000000 00:00 0 
7f2b857f0000-7f2b85c00000 rw-p 00000000 00:00 0 
7f2b85cd1000-7f2b85cd5000 r-xp 00000000 00:95f 602                       /home/runner/.jabba/jdk/zulu@1.16.0/lib/libmanagement.so
7f2b85cd5000-7f2b85ed4000 ---p 00004000 00:95f 602                       /home/runner/.jabba/jdk/zulu@1.16.0/lib/libmanagement.so
7f2b85ed4000-7f2b85ed5000 r--p 00003000 00:95f 602                       /home/runner/.jabba/jdk/zulu@1.16.0/lib/libmanagement.so
7f2b85ed5000-7f2b85ed6000 rw-p 00000000 00:00 0 
7f2b85ed6000-7f2b85ee3000 r-xp 00000000 00:95f 590                       /home/runner/.jabba/jdk/zulu@1.16.0/lib/libverify.so
7f2b85ee3000-7f2b860e2000 ---p 0000d000 00:95f 590                       /home/runner/.jabba/jdk/zulu@1.16.0/lib/libverify.so
7f2b860e2000-7f2b860e4000 r--p 0000c000 00:95f 590                       /home/runner/.jabba/jdk/zulu@1.16.0/lib/libverify.so
7f2b860e4000-7f2b860e5000 rw-p 00000000 00:00 0 
7f2b860e5000-7f2b860ec000 r-xp 00000000 00:95f 583                       /home/runner/.jabba/jdk/zulu@1.16.0/lib/libzip.so
7f2b860ec000-7f2b862ec000 ---p 00007000 00:95f 583                       /home/runner/.jabba/jdk/zulu@1.16.0/lib/libzip.so
7f2b862ec000-7f2b862ed000 r--p 00007000 00:95f 583                       /home/runner/.jabba/jdk/zulu@1.16.0/lib/libzip.so
7f2b862ed000-7f2b862ee000 rw-p 00000000 00:00 0 
7f2b862ee000-7f2b86302000 r-xp 00000000 00:95f 544                       /home/runner/.jabba/jdk/zulu@1.16.0/lib/libnet.so
7f2b86302000-7f2b86502000 ---p 00014000 00:95f 544                       /home/runner/.jabba/jdk/zulu@1.16.0/lib/libnet.so
7f2b86502000-7f2b86503000 r--p 00014000 00:95f 544                       /home/runner/.jabba/jdk/zulu@1.16.0/lib/libnet.so
7f2b86503000-7f2b86504000 rw-p 00015000 00:95f 544                       /home/runner/.jabba/jdk/zulu@1.16.0/lib/libnet.so
7f2b86504000-7f2b86516000 r-xp 00000000 00:95f 569                       /home/runner/.jabba/jdk/zulu@1.16.0/lib/libnio.so
7f2b86516000-7f2b86715000 ---p 00012000 00:95f 569                       /home/runner/.jabba/jdk/zulu@1.16.0/lib/libnio.so
7f2b86715000-7f2b86716000 r--p 00011000 00:95f 569                       /home/runner/.jabba/jdk/zulu@1.16.0/lib/libnio.so
7f2b86716000-7f2b86717000 rw-p 00012000 00:95f 569                       /home/runner/.jabba/jdk/zulu@1.16.0/lib/libnio.so
7f2b86717000-7f2b8671b000 ---p 00000000 00:00 0 
7f2b8671b000-7f2b86818000 rw-p 00000000 00:00 0 
7f2b86818000-7f2b86819000 ---p 00000000 00:00 0 
7f2b86819000-7f2b8691a000 rw-p 00000000 00:00 0 
7f2b8691a000-7f2b8691e000 ---p 00000000 00:00 0 
7f2b8691e000-7f2b86a1b000 rw-p 00000000 00:00 0 
7f2b86a1b000-7f2b86a1f000 ---p 00000000 00:00 0 
7f2b86a1f000-7f2b86b1c000 rw-p 00000000 00:00 0 
7f2b86b1c000-7f2b86b20000 ---p 00000000 00:00 0 
7f2b86b20000-7f2b86c1d000 rw-p 00000000 00:00 0 
7f2b86c1d000-7f2b86c21000 ---p 00000000 00:00 0 
7f2b86c21000-7f2b86d1e000 rw-p 00000000 00:00 0 
7f2b86d1e000-7f2b86d22000 ---p 00000000 00:00 0 
7f2b86d22000-7f2b86e1f000 rw-p 00000000 00:00 0 
7f2b86e1f000-7f2b86e23000 ---p 00000000 00:00 0 
7f2b86e23000-7f2b86f20000 rw-p 00000000 00:00 0 
7f2b86f20000-7f2b86f24000 ---p 00000000 00:00 0 
7f2b86f24000-7f2b87021000 rw-p 00000000 00:00 0 
7f2b87021000-7f2b872ff000 r--p 00000000 00:8ab 88211769                  /usr/lib/locale/locale-archive
7f2b872ff000-7f2b87303000 ---p 00000000 00:00 0 
7f2b87303000-7f2b877f0000 rw-p 00000000 00:00 0 
7f2b877f0000-7f2b87c00000 rw-p 00000000 00:00 0 
7f2b87c12000-7f2b87c19000 r--s 00000000 00:8ab 87035527                  /usr/lib/x86_64-linux-gnu/gconv/gconv-modules.cache
7f2b87c19000-7f2b87c20000 r--p 00000000 00:188 1150                      /tmp/jni-natives/1701932559729/libtimescale-avx2.so
7f2b87c20000-7f2b87c28000 r-xp 00007000 00:188 1150                      /tmp/jni-natives/1701932559729/libtimescale-avx2.so
7f2b87c28000-7f2b87c2c000 r--p 0000f000 00:188 1150                      /tmp/jni-natives/1701932559729/libtimescale-avx2.so
7f2b87c2c000-7f2b87c2d000 r--p 00012000 00:188 1150                      /tmp/jni-natives/1701932559729/libtimescale-avx2.so
7f2b87c2d000-7f2b87c2e000 rw-p 00013000 00:188 1150                      /tmp/jni-natives/1701932559729/libtimescale-avx2.so
7f2b87c2e000-7f2b87c30000 r--p 00000000 00:188 1148                      /tmp/jni-natives/1701932559723/libdetector.so
7f2b87c30000-7f2b87c33000 r-xp 00002000 00:188 1148                      /tmp/jni-natives/1701932559723/libdetector.so
7f2b87c33000-7f2b87c35000 r--p 00005000 00:188 1148                      /tmp/jni-natives/1701932559723/libdetector.so
7f2b87c35000-7f2b87c36000 r--p 00006000 00:188 1148                      /tmp/jni-natives/1701932559723/libdetector.so
7f2b87c36000-7f2b87c37000 rw-p 00007000 00:188 1148                      /tmp/jni-natives/1701932559723/libdetector.so
7f2b87c37000-7f2b87c3b000 ---p 00000000 00:00 0 
7f2b87c3b000-7f2b87d38000 rw-p 00000000 00:00 0 
7f2b87d38000-7f2b87d39000 ---p 00000000 00:00 0 
7f2b87d39000-7f2b87f57000 rw-p 00000000 00:00 0 
7f2b87f57000-7f2b881c7000 rwxp 00000000 00:00 0 
7f2b881c7000-7f2b884e6000 ---p 00000000 00:00 0 
7f2b884e6000-7f2b88ef6000 rwxp 00000000 00:00 0 
7f2b88ef6000-7f2b8fa1e000 ---p 00000000 00:00 0 
7f2b8fa1e000-7f2b8fc8e000 rwxp 00000000 00:00 0 
7f2b8fc8e000-7f2b96f57000 ---p 00000000 00:00 0 
7f2b96f57000-7f2b96f7b000 r-xp 00000000 00:95f 576                       /home/runner/.jabba/jdk/zulu@1.16.0/lib/libjava.so
7f2b96f7b000-7f2b9717b000 ---p 00024000 00:95f 576                       /home/runner/.jabba/jdk/zulu@1.16.0/lib/libjava.so
7f2b9717b000-7f2b9717c000 r--p 00024000 00:95f 576                       /home/runner/.jabba/jdk/zulu@1.16.0/lib/libjava.so
7f2b9717c000-7f2b9717d000 rw-p 00025000 00:95f 576                       /home/runner/.jabba/jdk/zulu@1.16.0/lib/libjava.so
7f2b9717d000-7f2b9717e000 rw-p 00000000 00:00 0 
7f2b9717e000-7f2b97189000 r-xp 00000000 00:8ab 86116009                  /lib/x86_64-linux-gnu/libnss_files-2.27.so
7f2b97189000-7f2b97388000 ---p 0000b000 00:8ab 86116009                  /lib/x86_64-linux-gnu/libnss_files-2.27.so
7f2b97388000-7f2b97389000 r--p 0000a000 00:8ab 86116009                  /lib/x86_64-linux-gnu/libnss_files-2.27.so
7f2b97389000-7f2b9738a000 rw-p 0000b000 00:8ab 86116009                  /lib/x86_64-linux-gnu/libnss_files-2.27.so
7f2b9738a000-7f2b97390000 rw-p 00000000 00:00 0 
7f2b97390000-7f2b973a7000 r-xp 00000000 00:8ab 86116003                  /lib/x86_64-linux-gnu/libnsl-2.27.so
7f2b973a7000-7f2b975a6000 ---p 00017000 00:8ab 86116003                  /lib/x86_64-linux-gnu/libnsl-2.27.so
7f2b975a6000-7f2b975a7000 r--p 00016000 00:8ab 86116003                  /lib/x86_64-linux-gnu/libnsl-2.27.so
7f2b975a7000-7f2b975a8000 rw-p 00017000 00:8ab 86116003                  /lib/x86_64-linux-gnu/libnsl-2.27.so
7f2b975a8000-7f2b975aa000 rw-p 00000000 00:00 0 
7f2b975aa000-7f2ba0000000 r--s 00000000 00:95f 571                       /home/runner/.jabba/jdk/zulu@1.16.0/lib/modules
7f2ba0000000-7f2ba118f000 rw-p 00000000 00:00 0 
7f2ba118f000-7f2ba4000000 ---p 00000000 00:00 0 
7f2ba4004000-7f2ba4008000 ---p 00000000 00:00 0 
7f2ba4008000-7f2ba402b000 rw-p 00000000 00:00 0 
7f2ba402b000-7f2ba4111000 ---p 00000000 00:00 0 
7f2ba4111000-7f2ba4126000 rw-p 00000000 00:00 0 
7f2ba4126000-7f2ba41fc000 ---p 00000000 00:00 0 
7f2ba41fc000-7f2ba4207000 r-xp 00000000 00:8ab 86116013                  /lib/x86_64-linux-gnu/libnss_nis-2.27.so
7f2ba4207000-7f2ba4406000 ---p 0000b000 00:8ab 86116013                  /lib/x86_64-linux-gnu/libnss_nis-2.27.so
7f2ba4406000-7f2ba4407000 r--p 0000a000 00:8ab 86116013                  /lib/x86_64-linux-gnu/libnss_nis-2.27.so
7f2ba4407000-7f2ba4408000 rw-p 0000b000 00:8ab 86116013                  /lib/x86_64-linux-gnu/libnss_nis-2.27.so
7f2ba4408000-7f2ba4410000 r-xp 00000000 00:8ab 86116005                  /lib/x86_64-linux-gnu/libnss_compat-2.27.so
7f2ba4410000-7f2ba4610000 ---p 00008000 00:8ab 86116005                  /lib/x86_64-linux-gnu/libnss_compat-2.27.so
7f2ba4610000-7f2ba4611000 r--p 00008000 00:8ab 86116005                  /lib/x86_64-linux-gnu/libnss_compat-2.27.so
7f2ba4611000-7f2ba4612000 rw-p 00009000 00:8ab 86116005                  /lib/x86_64-linux-gnu/libnss_compat-2.27.so
7f2ba4612000-7f2ba462d000 r-xp 00000000 00:95f 573                       /home/runner/.jabba/jdk/zulu@1.16.0/lib/libjimage.so
7f2ba462d000-7f2ba482c000 ---p 0001b000 00:95f 573                       /home/runner/.jabba/jdk/zulu@1.16.0/lib/libjimage.so
7f2ba482c000-7f2ba482e000 r--p 0001a000 00:95f 573                       /home/runner/.jabba/jdk/zulu@1.16.0/lib/libjimage.so
7f2ba482e000-7f2ba482f000 rw-p 0001c000 00:95f 573                       /home/runner/.jabba/jdk/zulu@1.16.0/lib/libjimage.so
7f2ba482f000-7f2ba4836000 r-xp 00000000 00:8ab 86116032                  /lib/x86_64-linux-gnu/librt-2.27.so
7f2ba4836000-7f2ba4a35000 ---p 00007000 00:8ab 86116032                  /lib/x86_64-linux-gnu/librt-2.27.so
7f2ba4a35000-7f2ba4a36000 r--p 00006000 00:8ab 86116032                  /lib/x86_64-linux-gnu/librt-2.27.so
7f2ba4a36000-7f2ba4a37000 rw-p 00007000 00:8ab 86116032                  /lib/x86_64-linux-gnu/librt-2.27.so
7f2ba4a37000-7f2ba4bd4000 r-xp 00000000 00:8ab 86115992                  /lib/x86_64-linux-gnu/libm-2.27.so
7f2ba4bd4000-7f2ba4dd3000 ---p 0019d000 00:8ab 86115992                  /lib/x86_64-linux-gnu/libm-2.27.so
7f2ba4dd3000-7f2ba4dd4000 r--p 0019c000 00:8ab 86115992                  /lib/x86_64-linux-gnu/libm-2.27.so
7f2ba4dd4000-7f2ba4dd5000 rw-p 0019d000 00:8ab 86115992                  /lib/x86_64-linux-gnu/libm-2.27.so
7f2ba4dd5000-7f2ba6094000 r-xp 00000000 00:95f 551                       /home/runner/.jabba/jdk/zulu@1.16.0/lib/server/libjvm.so
7f2ba6094000-7f2ba6294000 ---p 012bf000 00:95f 551                       /home/runner/.jabba/jdk/zulu@1.16.0/lib/server/libjvm.so
7f2ba6294000-7f2ba6349000 r--p 012bf000 00:95f 551                       /home/runner/.jabba/jdk/zulu@1.16.0/lib/server/libjvm.so
7f2ba6349000-7f2ba637d000 rw-p 01374000 00:95f 551                       /home/runner/.jabba/jdk/zulu@1.16.0/lib/server/libjvm.so
7f2ba637d000-7f2ba63d8000 rw-p 00000000 00:00 0 
7f2ba63d8000-7f2ba65bf000 r-xp 00000000 00:8ab 86115967                  /lib/x86_64-linux-gnu/libc-2.27.so
7f2ba65bf000-7f2ba67bf000 ---p 001e7000 00:8ab 86115967                  /lib/x86_64-linux-gnu/libc-2.27.so
7f2ba67bf000-7f2ba67c3000 r--p 001e7000 00:8ab 86115967                  /lib/x86_64-linux-gnu/libc-2.27.so
7f2ba67c3000-7f2ba67c5000 rw-p 001eb000 00:8ab 86115967                  /lib/x86_64-linux-gnu/libc-2.27.so
7f2ba67c5000-7f2ba67c9000 rw-p 00000000 00:00 0 
7f2ba67c9000-7f2ba67cc000 r-xp 00000000 00:8ab 86115977                  /lib/x86_64-linux-gnu/libdl-2.27.so
7f2ba67cc000-7f2ba69cb000 ---p 00003000 00:8ab 86115977                  /lib/x86_64-linux-gnu/libdl-2.27.so
7f2ba69cb000-7f2ba69cc000 r--p 00002000 00:8ab 86115977                  /lib/x86_64-linux-gnu/libdl-2.27.so
7f2ba69cc000-7f2ba69cd000 rw-p 00003000 00:8ab 86115977                  /lib/x86_64-linux-gnu/libdl-2.27.so
7f2ba69cd000-7f2ba69e7000 r-xp 00000000 00:8ab 86116028                  /lib/x86_64-linux-gnu/libpthread-2.27.so
7f2ba69e7000-7f2ba6be6000 ---p 0001a000 00:8ab 86116028                  /lib/x86_64-linux-gnu/libpthread-2.27.so
7f2ba6be6000-7f2ba6be7000 r--p 00019000 00:8ab 86116028                  /lib/x86_64-linux-gnu/libpthread-2.27.so
7f2ba6be7000-7f2ba6be8000 rw-p 0001a000 00:8ab 86116028                  /lib/x86_64-linux-gnu/libpthread-2.27.so
7f2ba6be8000-7f2ba6bec000 rw-p 00000000 00:00 0 
7f2ba6bec000-7f2ba6bfb000 r-xp 00000000 00:95f 588                       /home/runner/.jabba/jdk/zulu@1.16.0/lib/libjli.so
7f2ba6bfb000-7f2ba6dfb000 ---p 0000f000 00:95f 588                       /home/runner/.jabba/jdk/zulu@1.16.0/lib/libjli.so
7f2ba6dfb000-7f2ba6dfc000 r--p 0000f000 00:95f 588                       /home/runner/.jabba/jdk/zulu@1.16.0/lib/libjli.so
7f2ba6dfc000-7f2ba6dfd000 rw-p 00010000 00:95f 588                       /home/runner/.jabba/jdk/zulu@1.16.0/lib/libjli.so
7f2ba6dfd000-7f2ba6e19000 r-xp 00000000 00:8ab 86116055                  /lib/x86_64-linux-gnu/libz.so.1.2.11
7f2ba6e19000-7f2ba7018000 ---p 0001c000 00:8ab 86116055                  /lib/x86_64-linux-gnu/libz.so.1.2.11
7f2ba7018000-7f2ba7019000 r--p 0001b000 00:8ab 86116055                  /lib/x86_64-linux-gnu/libz.so.1.2.11
7f2ba7019000-7f2ba701a000 rw-p 0001c000 00:8ab 86116055                  /lib/x86_64-linux-gnu/libz.so.1.2.11
7f2ba701a000-7f2ba7043000 r-xp 00000000 00:8ab 86115949                  /lib/x86_64-linux-gnu/ld-2.27.so
7f2ba7047000-7f2ba7049000 r--p 00000000 00:188 1145                      /tmp/lava-jni-natives/1701932559620/libudpqueue.so
7f2ba7049000-7f2ba704b000 r-xp 00002000 00:188 1145                      /tmp/lava-jni-natives/1701932559620/libudpqueue.so
7f2ba704b000-7f2ba704c000 r--p 00004000 00:188 1145                      /tmp/lava-jni-natives/1701932559620/libudpqueue.so
7f2ba704c000-7f2ba704d000 r--p 00004000 00:188 1145                      /tmp/lava-jni-natives/1701932559620/libudpqueue.so
7f2ba704d000-7f2ba704e000 rw-p 00005000 00:188 1145                      /tmp/lava-jni-natives/1701932559620/libudpqueue.so
7f2ba704e000-7f2ba705a000 rw-p 00000000 00:00 0 
7f2ba705a000-7f2ba70a4000 ---p 00000000 00:00 0 
7f2ba70a4000-7f2ba70aa000 rw-p 00000000 00:00 0 
7f2ba70aa000-7f2ba70ce000 ---p 00000000 00:00 0 
7f2ba70ce000-7f2ba70da000 rw-p 00000000 00:00 0 
7f2ba70da000-7f2ba7124000 ---p 00000000 00:00 0 
7f2ba7124000-7f2ba7125000 rw-p 00000000 00:00 0 
7f2ba7125000-7f2ba7129000 ---p 00000000 00:00 0 
7f2ba7129000-7f2ba7228000 rw-p 00000000 00:00 0 
7f2ba722a000-7f2ba722f000 rw-p 00000000 00:00 0 
7f2ba722f000-7f2ba7236000 ---p 00000000 00:00 0 
7f2ba7236000-7f2ba723e000 rw-s 00000000 00:188 1139                      /tmp/hsperfdata_runner/109
7f2ba723e000-7f2ba723f000 ---p 00000000 00:00 0 
7f2ba723f000-7f2ba7240000 r--p 00000000 00:00 0 
7f2ba7240000-7f2ba7241000 ---p 00000000 00:00 0 
7f2ba7241000-7f2ba7243000 rw-p 00000000 00:00 0 
7f2ba7243000-7f2ba7244000 r--p 00029000 00:8ab 86115949                  /lib/x86_64-linux-gnu/ld-2.27.so
7f2ba7244000-7f2ba7245000 rw-p 0002a000 00:8ab 86115949                  /lib/x86_64-linux-gnu/ld-2.27.so
7f2ba7245000-7f2ba7246000 rw-p 00000000 00:00 0 
7ffec14bd000-7ffec14e0000 rw-p 00000000 00:00 0                          [stack]
7ffec1500000-7ffec1504000 r--p 00000000 00:00 0                          [vvar]
7ffec1504000-7ffec1506000 r-xp 00000000 00:00 0                          [vdso]
ffffffffff600000-ffffffffff601000 --xp 00000000 00:00 0                  [vsyscall]


VM Arguments:
java_command: Lavalink.jar
java_class_path (initial): Lavalink.jar
Launcher Type: SUN_STANDARD

[Global flags]
     intx CICompilerCount                          = 2                                         {product} {ergonomic}
   size_t InitialHeapSize                          = 16777216                                  {product} {ergonomic}
   size_t MaxHeapSize                              = 268435456                                 {product} {ergonomic}
   size_t MaxNewSize                               = 89456640                                  {product} {ergonomic}
   size_t MinHeapDeltaBytes                        = 196608                                    {product} {ergonomic}
   size_t MinHeapSize                              = 8388608                                   {product} {ergonomic}
   size_t NewSize                                  = 5570560                                   {product} {ergonomic}
    uintx NonNMethodCodeHeapSize                   = 5826188                                {pd product} {ergonomic}
    uintx NonProfiledCodeHeapSize                  = 122916026                              {pd product} {ergonomic}
   size_t OldSize                                  = 11206656                                  {product} {ergonomic}
    uintx ProfiledCodeHeapSize                     = 122916026                              {pd product} {ergonomic}
    uintx ReservedCodeCacheSize                    = 251658240                              {pd product} {ergonomic}
     bool SegmentedCodeCache                       = true                                      {product} {ergonomic}
   size_t SoftMaxHeapSize                          = 268435456                              {manageable} {ergonomic}
     bool UseCompressedClassPointers               = true                           {product lp64_product} {ergonomic}
     bool UseCompressedOops                        = true                           {product lp64_product} {ergonomic}
     bool UseSerialGC                              = true                                      {product} {ergonomic}

Logging:
Log output configuration:
 #0: stdout all=warning uptime,level,tags
 #1: stderr all=off uptime,level,tags

Environment Variables:
JAVA_HOME=/home/runner/.jabba/jdk/zulu@1.16.0
PATH=/home/runner/.jabba/jdk/zulu@1.16.0/bin:/nix/store/7aq7kbwyq2kbjz1ra42nn7516g1bnn8z-pid1/bin:/nix/store/p4vjr19az8mq4m05qcdk0xyc342vl8h9-less-596/bin:/nix/store/jha53c5kh54c46fgywh37v3m3h4hcl0k-git-2.34.1/bin:/nix/store/22jj08nss8zvbgk52ikj09ssg6rw84rv-silver-searcher-2.2.0/bin:/nix/store/vvkfwmjhj6kmh53c0zyb728azamqhj3h-bash/bin:/nix/store/176gh50y24c0lx2bnnmsvf9wazb73php-coreutils-9.0/bin:/nix/store/zaamc32wijqka1mg8w2gr1f6bgvs7yyz-vscode-cpptools-dap-1.3.1/bin:/nix/store/ann2w0blx5vrc8mw1hwnvb37gry6ci9a-replit-python-dap-wrapper-1.0.0/bin:/nix/store/2mp9ri8ki2kgxcv23x5h8zb9fa02znik-node-dap/bin:/nix/store/24q63bgri76a9zy2mi79mkb1kp70h7v5-pydeppaths-1.0.0/bin:/nix/store/lyzn4qly8k878lgfy1b399w58q4khys2-fluxbox/bin:/nix/store/qpnf0dafrfsbcwb4z7cphjm0dff0vl7l-prybar-nodejs-0.0.0-e0d9a52/bin:/nix/store/mav4251if1ahjq5vkpwycyyvnmy459c4-pulseaudio-14.2/bin:/nix/store/146hw02zpnhkn5cabjf3pmdl32clz0jn-rfbproxy-0.0.0-9c8ca29/bin:/nix/store/yc2asljkrd8xpda2p8l77713ilgpn18x-toml-editor-0.0.0-d7dc78d/bin:/nix/store/mi0by7pw54j7nn8a9pp8z03rghfhb2ba-nix-editor-0.0.0-fb83e47/bin:/nix/store/0b2bvviijkvq2nvm04dbq3lwlq7h742m-tigervnc-1.12.0/bin:/nix/store/7v07bmyfjq0jdnx6xwxlib05na8kksdf-xwininfo-1.1.4/bin:/nix/store/pv89r9i1d8ajin2vp7qfs63nakg7s17k-replbox/bin:/nix/store/4522jkjzj2nlx2z67325aylg6ngvvg2h-curl-7.80.0-bin/bin:/nix/store/sdpqvnmahizaxbs3nnzmgfgyqsdxb1bw-gnutar-1.34/bin:/nix/store/hisqvx32cd57apbpcsnkpx6k3549wql1-libglvnd-1.4.0/bin:/nix/store/pb6sp9j9bv7s3bk1biqq05w73f40gpg8-ripgrep-13.0.0/bin:/nix/store/44papibkmjkl0854bd3jq5cdsxkf7qry-sd-0.7.6/bin:/nix/store/kd4hlrvfrzhn0lf7dxl175hbn5d2j8i2-sudo/bin:/nix/store/5bkvi8z49bd19g4m81fdwl61ix3h3z7l-replit-git-askpass/bin:/nix/store/qfxk9gzibng5ghhdq33bjx2cr20xlb8m-replit-git-editor/bin:/nix/store/byz5pl9z9wd9ka1gznfizm105p2agdvh-xdg-open/bin:/nix/store/w8jl7avpp9sw6jaskrhwb9qcal3axgrk-moduleit/bin:/nix/store/qgbqyh391sq3kwdxy30pz268pv5y2d4g-hostingpid1-1.0.1/bin:/home/runner/.nix-profile/bin:/usr/local/go/bin:/opt/virtu
LD_LIBRARY_PATH=/home/runner/.apt/usr/lib/x86_64-linux-gnu:/home/runner/.apt/usr/lib/i386-linux-gnu:/usr/local/lib:/home/runner/.apt/usr/lib
DISPLAY=:0
LANG=en_US.UTF-8
LC_ALL=en_US.UTF-8

Signal Handlers:
SIGSEGV: [libjvm.so+0xf6b4e0], sa_mask[0]=11100100010111111101111111111110, sa_flags=SA_RESTART|SA_SIGINFO
SIGBUS: [libjvm.so+0xf6b4e0], sa_mask[0]=11100100010111111101111111111110, sa_flags=SA_RESTART|SA_SIGINFO
SIGFPE: [libjvm.so+0xf6b4e0], sa_mask[0]=11100100010111111101111111111110, sa_flags=SA_RESTART|SA_SIGINFO
SIGPIPE: [libjvm.so+0xe08e30], sa_mask[0]=11100100010111111101111111111110, sa_flags=SA_RESTART|SA_SIGINFO
SIGXFSZ: [libjvm.so+0xe08e30], sa_mask[0]=11100100010111111101111111111110, sa_flags=SA_RESTART|SA_SIGINFO
SIGILL: [libjvm.so+0xf6b4e0], sa_mask[0]=11100100010111111101111111111110, sa_flags=SA_RESTART|SA_SIGINFO
SIGUSR2: [libjvm.so+0xe08500], sa_mask[0]=00000000000000000000000000000000, sa_flags=SA_RESTART|SA_SIGINFO
SIGHUP: [libjvm.so+0xe08440], sa_mask[0]=11100100010111111101111111111110, sa_flags=SA_RESTART|SA_SIGINFO
SIGINT: [libjvm.so+0xe08440], sa_mask[0]=11100100010111111101111111111110, sa_flags=SA_RESTART|SA_SIGINFO
SIGTERM: [libjvm.so+0xe08440], sa_mask[0]=11100100010111111101111111111110, sa_flags=SA_RESTART|SA_SIGINFO
SIGQUIT: [libjvm.so+0xe08440], sa_mask[0]=11100100010111111101111111111110, sa_flags=SA_RESTART|SA_SIGINFO
SIGTRAP: [libjvm.so+0xf6b4e0], sa_mask[0]=11100100010111111101111111111110, sa_flags=SA_RESTART|SA_SIGINFO


---------------  S Y S T E M  ---------------

OS:
DISTRIB_ID=Ubuntu
DISTRIB_RELEASE=18.04
DISTRIB_CODENAME=bionic
DISTRIB_DESCRIPTION="Ubuntu 18.04.5 LTS"
uname: Linux 6.2.0-1018-gcp #20~22.04.1-Ubuntu SMP Mon Oct 23 12:29:43 UTC 2023 x86_64
OS uptime: 0 days 18:35 hours
libc: glibc 2.27 NPTL 2.27 
rlimit (soft/hard): STACK 8192k/infinity , CORE infinity/infinity , NPROC infinity/infinity , NOFILE 5242/5242 , AS infinity/infinity , CPU infinity/infinity , DATA infinity/infinity , FSIZE infinity/infinity , MEMLOCK 8192k/8192k
load average: 51.80 18.08 10.62

/proc/meminfo:
MemTotal:       65835928 kB
MemFree:         2967352 kB
MemAvailable:   44561976 kB
Buffers:         6233576 kB
Cached:         32783536 kB
SwapCached:            0 kB
Active:         20911352 kB
Inactive:       36673656 kB
Active(anon):      16716 kB
Inactive(anon): 18353796 kB
Active(file):   20894636 kB
Inactive(file): 18319860 kB
Unevictable:       28672 kB
Mlocked:           28672 kB
SwapTotal:             0 kB
SwapFree:              0 kB
Zswap:                 0 kB
Zswapped:              0 kB
Dirty:              6624 kB
Writeback:          2996 kB
AnonPages:      18470544 kB
Mapped:          2594708 kB
Shmem:            151376 kB
KReclaimable:    3114772 kB
Slab:            4300640 kB
SReclaimable:    3114772 kB
SUnreclaim:      1185868 kB
KernelStack:      217308 kB
PageTables:       311472 kB
SecPageTables:         0 kB
NFS_Unstable:          0 kB
Bounce:                0 kB
WritebackTmp:          0 kB
CommitLimit:    32917964 kB
Committed_AS:   81637012 kB
VmallocTotal:   34359738367 kB
VmallocUsed:      259724 kB
VmallocChunk:          0 kB
Percpu:            75168 kB
HardwareCorrupted:     0 kB
AnonHugePages:    970752 kB
ShmemHugePages:        0 kB
ShmemPmdMapped:        0 kB
FileHugePages:         0 kB
FilePmdMapped:         0 kB
HugePages_Total:       0
HugePages_Free:        0
HugePages_Rsvd:        0
HugePages_Surp:        0
Hugepagesize:       2048 kB
Hugetlb:               0 kB
DirectMap4k:      400184 kB
DirectMap2M:    27908096 kB
DirectMap1G:    40894464 kB

/sys/kernel/mm/transparent_hugepage/enabled: always [madvise] never
/sys/kernel/mm/transparent_hugepage/defrag (defrag/compaction efforts parameter): always defer defer+madvise [madvise] never

Process Memory:
Virtual Size: 3232160K (peak: 3232160K)
Resident Set Size: 171772K (peak: 175104K) (anon: 142204K, file: 29568K, shmem: 0K)
Swapped out: 0K
C-Heap outstanding allocations: 17946K

/proc/sys/kernel/threads-max (system-wide limit on the number of threads): 514278
/proc/sys/vm/max_map_count (maximum number of memory map areas a process may have): 65530
/proc/sys/kernel/pid_max (system-wide limit on number of process identifiers): 4194304

container (cgroup) information:
container_type: cgroupv2
cpu_cpuset_cpus: not supported
cpu_memory_nodes: not supported
active_processor_count: 1
cpu_quota: 50000
cpu_period: 100000
cpu_shares: no shares
memory_limit_in_bytes: 1073741824
memory_and_swap_limit_in_bytes: unlimited
memory_soft_limit_in_bytes: 536870912
memory_usage_in_bytes: 329760768
memory_max_usage_in_bytes: not supported

KVM virtualization detected
Steal ticks since vm start: 0
Steal ticks percentage since vm start:  0.000

CPU: total 8 (initial active 1) (8 cores per cpu, 2 threads per core) family 23 model 49 stepping 0 microcode 0xffffffff, cx8, cmov, fxsr, ht, mmx, 3dnowpref, sse, sse2, sse3, ssse3, sse4a, sse4.1, sse4.2, popcnt, lzcnt, tsc, tscinvbit, avx, avx2, aes, clmul, bmi1, bmi2, adx, sha, fma, vzeroupper, clflush, clflushopt, hv
CPU Model and flags from /proc/cpuinfo:
model name	: AMD EPYC 7B12
flags		: fpu vme de pse tsc msr pae mce cx8 apic sep mtrr pge mca cmov pat pse36 clflush mmx fxsr sse sse2 ht syscall nx mmxext fxsr_opt pdpe1gb rdtscp lm constant_tsc rep_good nopl nonstop_tsc cpuid extd_apicid tsc_known_freq pni pclmulqdq ssse3 fma cx16 sse4_1 sse4_2 movbe popcnt aes xsave avx f16c rdrand hypervisor lahf_lm cmp_legacy cr8_legacy abm sse4a misalignsse 3dnowprefetch osvw topoext ssbd ibrs ibpb stibp vmmcall fsgsbase tsc_adjust bmi1 avx2 smep bmi2 rdseed adx smap clflushopt clwb sha_ni xsaveopt xsavec xgetbv1 clzero xsaveerptr arat npt nrip_save umip rdpid

Online cpus: 0-7
Offline cpus: 
BIOS frequency limitation: <Not Available>
Frequency switch latency (ns): <Not Available>
Available cpu frequencies: <Not Available>
Current governor: <Not Available>
Core performance/turbo boost: <Not Available>

Memory: 4k page, physical 1048576k(726540k free), swap 0k(0k free)

vm_info: OpenJDK 64-Bit Server VM (16+36) for linux-amd64 JRE (16+36) (Zulu16.28+11-CA), built on Mar  9 2021 11:10:43 by "zulu_re" with gcc 7.3.1 20180303 (Red Hat 7.3.1-5)

END.
