2024-12-20 17:02:14.712  INFO 284 --- [main] lavalink.server.Launcher                 : 

[32m       .  [31m _                  _ _       _    [32m__ _ _
[32m      /\\ [31m| | __ ___   ____ _| (_)_ __ | | __[32m\ \ \ \
[32m     ( ( )[31m| |/ _` \ \ / / _` | | | '_ \| |/ /[32m \ \ \ \
[32m      \\/ [31m| | (_| |\ V / (_| | | | | | |   < [32m  ) ) ) )
[32m       '  [31m|_|\__,_| \_/ \__,_|_|_|_| |_|_|\_\[32m / / / /
[0m    =========================================[32m/_/_/_/[0m

	Version:        5f76fd37dd29f9ada64d8b78475a367e5e52b71d-SNAPSHOT
	Build:          Unofficial
	Build time:     05.11.2021 22:07:41 UTC
	Branch          dev
	Commit:         5f76fd3
	Commit time:    05.11.2021 22:07:23 UTC
	JVM:            16
	Lavaplayer      1.3.96-original

2024-12-20 17:02:15.167  INFO 284 --- [main] lavalink.server.Launcher                 : Starting Launcher using Java 16 on 95d8e1afbd8b with PID 284 (/home/runner/LavaLink-with-Replit/Lavalink.jar started by runner in /home/runner/LavaLink-with-Replit)
2024-12-20 17:02:15.168  INFO 284 --- [main] lavalink.server.Launcher                 : No active profile set, falling back to default profiles: default
2024-12-20 17:02:15.687  WARN 284 --- [background-preinit] o.s.h.c.j.Jackson2ObjectMapperBuilder    : For Jackson Kotlin classes support please add "com.fasterxml.jackson.module:jackson-module-kotlin" to the classpath
2024-12-20 17:02:19.470  WARN 284 --- [main] io.undertow.websockets.jsr               : UT026010: Buffer pool was not set on WebSocketDeploymentInfo, the default pool will be used
2024-12-20 17:02:19.566  INFO 284 --- [main] io.undertow.servlet                      : Initializing Spring embedded WebApplicationContext
2024-12-20 17:02:19.567  INFO 284 --- [main] w.s.c.ServletWebServerApplicationContext : Root WebApplicationContext: initialization completed in 4094 ms
2024-12-20 17:02:19.767  INFO 284 --- [main] l.server.metrics.PrometheusMetrics       : Prometheus metrics set up
2024-12-20 17:02:20.377  INFO 284 --- [main] c.s.d.l.tools.GarbageCollectionMonitor   : GC monitoring enabled, reporting results every 2 minutes.
2024-12-20 17:02:20.489  WARN 284 --- [main] l.server.config.SentryConfiguration      : Turning off sentry
2024-12-20 17:02:21.258  INFO 284 --- [main] lavalink.server.config.KoeConfiguration  : OS: Linux, Arch: amd64
2024-12-20 17:02:21.259  INFO 284 --- [main] lavalink.server.config.KoeConfiguration  : Enabling JDA-NAS
2024-12-20 17:02:21.264  INFO 284 --- [main] c.s.l.c.natives.NativeLibraryLoader      : Native library udpqueue: loading with filter null
2024-12-20 17:02:21.270  INFO 284 --- [main] c.s.l.c.natives.NativeLibraryLoader      : Native library udpqueue: successfully loaded.
2024-12-20 17:02:21.358  INFO 284 --- [main] lavalink.server.config.KoeConfiguration  : Using Epoll Transport.
2024-12-20 17:02:21.366  INFO 284 --- [main] lavalink.server.config.KoeConfiguration  : Using the 'default' byte buf allocator
2024-12-20 17:02:21.377  INFO 284 --- [main] c.g.n.nativeloader.NativeLibLoader       : Native library timescale: loading with parts [Part{feature=X86.avx2, part=avx2}]
2024-12-20 17:02:21.409  INFO 284 --- [main] c.g.n.nativeloader.NativeLibLoader       : Native library detector: loading with parts []
2024-12-20 17:02:21.460  INFO 284 --- [main] c.g.n.nativeloader.NativeLibLoader       : Native library detector: successfully loaded.
2024-12-20 17:02:21.465  INFO 284 --- [main] c.g.n.nativeloader.NativeLibLoader       : Native library timescale: successfully loaded.
2024-12-20 17:02:21.465  INFO 284 --- [main] lavalink.server.io.SocketServer          : Timescale natives loaded successfully.
2024-12-20 17:02:22.983  INFO 284 --- [main] io.undertow                              : starting server: Undertow - 2.2.7.Final
2024-12-20 17:02:23.059  INFO 284 --- [main] org.xnio                                 : XNIO version 3.8.0.Final
2024-12-20 17:02:23.070  INFO 284 --- [main] org.xnio.nio                             : XNIO NIO Implementation Version 3.8.0.Final
2024-12-20 17:02:23.284  INFO 284 --- [main] org.jboss.threads                        : JBoss Threads version 3.1.0.Final
2024-12-20 17:02:23.512  INFO 284 --- [main] o.s.b.w.e.undertow.UndertowWebServer     : Undertow started on port(s) 443 (http)
2024-12-20 17:02:23.565  INFO 284 --- [main] lavalink.server.Launcher                 : Started Launcher in 10.881 seconds (JVM running for 14.101)
2024-12-20 17:02:23.566  INFO 284 --- [main] o.s.b.a.ApplicationAvailabilityBean      : Application availability state LivenessState changed to CORRECT
2024-12-20 17:02:23.568  INFO 284 --- [main] o.s.b.a.ApplicationAvailabilityBean      : Application availability state ReadinessState changed to ACCEPTING_TRAFFIC
2024-12-20 17:02:24.845  INFO 284 --- [XNIO-1 task-1] io.undertow.servlet                      : Initializing Spring DispatcherServlet 'dispatcherServlet'
2024-12-20 17:02:24.845  INFO 284 --- [XNIO-1 task-1] o.s.web.servlet.DispatcherServlet        : Initializing Servlet 'dispatcherServlet'
2024-12-20 17:02:24.846  INFO 284 --- [XNIO-1 task-1] o.s.web.servlet.DispatcherServlet        : Completed initialization in 1 ms
2024-12-20 17:02:24.865 ERROR 284 --- [XNIO-1 task-1] l.server.io.HandshakeInterceptorImpl     : Authentication failed from /172.31.196.41:52802
